Log file open, 07/08/17 00:10:06
LogInit:Display: Running engine for game: StewH
LogPlatformFile: Not using cached read wrapper
LogInit:Display: RandInit(933031095) SRandInit(933031095).
LogTaskGraph: Started task graph with 5 named threads and 8 total threads with 1 sets of task threads.
LogStats: Stats thread started at 0.072275
LogPluginManager: Loaded Plugin Paper2D, From C:/Program Files/Epic Games/UE_4.14/Engine/Plugins/2D/Paper2D/Paper2D.uplugin
LogPluginManager: Loaded Plugin LightPropagationVolume, From C:/Program Files/Epic Games/UE_4.14/Engine/Plugins/Blendables/LightPropagationVolume/LightPropagationVolume.uplugin
LogPluginManager: Loaded Plugin BlankPlugin, From C:/Program Files/Epic Games/UE_4.14/Engine/Plugins/Developer/BlankPlugin/BlankPlugin.uplugin
LogPluginManager: Loaded Plugin CodeLiteSourceCodeAccess, From C:/Program Files/Epic Games/UE_4.14/Engine/Plugins/Developer/CodeLiteSourceCodeAccess/CodeLiteSourceCodeAccess.uplugin
LogPluginManager: Loaded Plugin GitSourceControl, From C:/Program Files/Epic Games/UE_4.14/Engine/Plugins/Developer/GitSourceControl/GitSourceControl.uplugin
LogPluginManager: Loaded Plugin KDevelopSourceCodeAccess, From C:/Program Files/Epic Games/UE_4.14/Engine/Plugins/Developer/KDevelopSourceCodeAccess/KDevelopSourceCodeAccess.uplugin
LogPluginManager: Loaded Plugin NullSourceCodeAccess, From C:/Program Files/Epic Games/UE_4.14/Engine/Plugins/Developer/NullSourceCodeAccess/NullSourceCodeAccess.uplugin
LogPluginManager: Loaded Plugin OneSkyLocalizationService, From C:/Program Files/Epic Games/UE_4.14/Engine/Plugins/Developer/OneSkyLocalizationService/OneSkyLocalizationService.uplugin
LogPluginManager: Loaded Plugin PerforceSourceControl, From C:/Program Files/Epic Games/UE_4.14/Engine/Plugins/Developer/PerforceSourceControl/PerforceSourceControl.uplugin
LogPluginManager: Loaded Plugin SubversionSourceControl, From C:/Program Files/Epic Games/UE_4.14/Engine/Plugins/Developer/SubversionSourceControl/SubversionSourceControl.uplugin
LogPluginManager: Loaded Plugin UObjectPlugin, From C:/Program Files/Epic Games/UE_4.14/Engine/Plugins/Developer/UObjectPlugin/UObjectPlugin.uplugin
LogPluginManager: Loaded Plugin VisualStudioSourceCodeAccess, From C:/Program Files/Epic Games/UE_4.14/Engine/Plugins/Developer/VisualStudioSourceCodeAccess/VisualStudioSourceCodeAccess.uplugin
LogPluginManager: Loaded Plugin XCodeSourceCodeAccess, From C:/Program Files/Epic Games/UE_4.14/Engine/Plugins/Developer/XCodeSourceCodeAccess/XCodeSourceCodeAccess.uplugin
LogPluginManager: Loaded Plugin AudioCapture, From C:/Program Files/Epic Games/UE_4.14/Engine/Plugins/Editor/AudioCapture/AudioCapture.uplugin
LogPluginManager: Loaded Plugin EpicSurvey, From C:/Program Files/Epic Games/UE_4.14/Engine/Plugins/Editor/EpicSurvey/EpicSurvey.uplugin
LogPluginManager: Loaded Plugin MacGraphicsSwitching, From C:/Program Files/Epic Games/UE_4.14/Engine/Plugins/Editor/MacGraphicsSwitching/MacGraphicsSwitching.uplugin
LogPluginManager: Loaded Plugin MobileLauncherProfileWizard, From C:/Program Files/Epic Games/UE_4.14/Engine/Plugins/Editor/MobileLauncherProfileWizard/MobileLauncherProfileWizard.uplugin
LogPluginManager: Loaded Plugin PluginBrowser, From C:/Program Files/Epic Games/UE_4.14/Engine/Plugins/Editor/PluginBrowser/PluginBrowser.uplugin
LogPluginManager: Loaded Plugin SpeedTreeImporter, From C:/Program Files/Epic Games/UE_4.14/Engine/Plugins/Editor/SpeedTreeImporter/SpeedTreeImporter.uplugin
LogPluginManager: Loaded Plugin SuperSearchEditor, From C:/Program Files/Epic Games/UE_4.14/Engine/Plugins/Editor/SuperSearchEditor/SuperSearchEditor.uplugin
LogPluginManager: Loaded Plugin AlembicImporter, From C:/Program Files/Epic Games/UE_4.14/Engine/Plugins/Experimental/AlembicImporter/AlembicImporter.uplugin
LogPluginManager: Loaded Plugin BlueprintStats, From C:/Program Files/Epic Games/UE_4.14/Engine/Plugins/Experimental/BlueprintStats/BlueprintStats.uplugin
LogPluginManager: Loaded Plugin CharacterAI, From C:/Program Files/Epic Games/UE_4.14/Engine/Plugins/Experimental/CharacterAI/CharacterAI.uplugin
LogPluginManager: Loaded Plugin CodeEditor, From C:/Program Files/Epic Games/UE_4.14/Engine/Plugins/Experimental/CodeEditor/CodeEditor.uplugin
LogPluginManager: Loaded Plugin CodeView, From C:/Program Files/Epic Games/UE_4.14/Engine/Plugins/Experimental/CodeView/CodeView.uplugin
LogPluginManager: Loaded Plugin HTML5Networking, From C:/Program Files/Epic Games/UE_4.14/Engine/Plugins/Experimental/HTML5Networking/HTML5Networking.uplugin
LogPluginManager: Loaded Plugin OSVR, From C:/Program Files/Epic Games/UE_4.14/Engine/Plugins/Experimental/OSVR/OSVR.uplugin
LogPluginManager: Loaded Plugin Phya, From C:/Program Files/Epic Games/UE_4.14/Engine/Plugins/Experimental/Phya/Phya.uplugin
LogPluginManager: Loaded Plugin SignificanceManager, From C:/Program Files/Epic Games/UE_4.14/Engine/Plugins/Experimental/SignificanceManager/SignificanceManager.uplugin
LogPluginManager: Loaded Plugin SimpleHMD, From C:/Program Files/Epic Games/UE_4.14/Engine/Plugins/Experimental/SimpleHMD/SimpleHMD.uplugin
LogPluginManager: Loaded Plugin StereoPanorama, From C:/Program Files/Epic Games/UE_4.14/Engine/Plugins/Experimental/StereoPanorama/StereoPanorama.uplugin
LogPluginManager: Loaded Plugin StructBox, From C:/Program Files/Epic Games/UE_4.14/Engine/Plugins/Experimental/StructBox/StructBox.uplugin
LogPluginManager: Loaded Plugin AndroidMedia, From C:/Program Files/Epic Games/UE_4.14/Engine/Plugins/Media/AndroidMedia/AndroidMedia.uplugin
LogPluginManager: Loaded Plugin AvfMedia, From C:/Program Files/Epic Games/UE_4.14/Engine/Plugins/Media/AvfMedia/AvfMedia.uplugin
LogPluginManager: Loaded Plugin MediaPlayerEditor, From C:/Program Files/Epic Games/UE_4.14/Engine/Plugins/Media/MediaPlayerEditor/MediaPlayerEditor.uplugin
LogPluginManager: Loaded Plugin WmfMedia, From C:/Program Files/Epic Games/UE_4.14/Engine/Plugins/Media/WmfMedia/WmfMedia.uplugin
LogPluginManager: Loaded Plugin MessagingDebugger, From C:/Program Files/Epic Games/UE_4.14/Engine/Plugins/Messaging/MessagingDebugger/MessagingDebugger.uplugin
LogPluginManager: Loaded Plugin TcpMessaging, From C:/Program Files/Epic Games/UE_4.14/Engine/Plugins/Messaging/TcpMessaging/TcpMessaging.uplugin
LogPluginManager: Loaded Plugin UdpMessaging, From C:/Program Files/Epic Games/UE_4.14/Engine/Plugins/Messaging/UdpMessaging/UdpMessaging.uplugin
LogPluginManager: Loaded Plugin LevelSequenceEditor, From C:/Program Files/Epic Games/UE_4.14/Engine/Plugins/MovieScene/LevelSequenceEditor/LevelSequenceEditor.uplugin
LogPluginManager: Loaded Plugin MatineeToLevelSequence, From C:/Program Files/Epic Games/UE_4.14/Engine/Plugins/MovieScene/MatineeToLevelSequence/MatineeToLevelSequence.uplugin
LogPluginManager: Loaded Plugin NetcodeUnitTest, From C:/Program Files/Epic Games/UE_4.14/Engine/Plugins/NetcodeUnitTest/NetcodeUnitTest/NetcodeUnitTest.uplugin
LogPluginManager: Loaded Plugin NUTUnrealEngine4, From C:/Program Files/Epic Games/UE_4.14/Engine/Plugins/NetcodeUnitTest/NUTUnrealEngine4/NUTUnrealEngine4.uplugin
LogPluginManager: Loaded Plugin OnlineSubsystemGameCircle, From C:/Program Files/Epic Games/UE_4.14/Engine/Plugins/Online/Android/OnlineSubsystemGameCircle/OnlineSubsystemGameCircle.uplugin
LogPluginManager: Loaded Plugin OnlineSubsystemGooglePlay, From C:/Program Files/Epic Games/UE_4.14/Engine/Plugins/Online/Android/OnlineSubsystemGooglePlay/OnlineSubsystemGooglePlay.uplugin
LogPluginManager: Loaded Plugin OnlineSubsystemIOS, From C:/Program Files/Epic Games/UE_4.14/Engine/Plugins/Online/IOS/OnlineSubsystemIOS/OnlineSubsystemIOS.uplugin
LogPluginManager: Loaded Plugin OnlineFramework, From C:/Program Files/Epic Games/UE_4.14/Engine/Plugins/Online/OnlineFramework/OnlineFramework.uplugin
LogPluginManager: Loaded Plugin OnlineSubsystem, From C:/Program Files/Epic Games/UE_4.14/Engine/Plugins/Online/OnlineSubsystem/OnlineSubsystem.uplugin
LogPluginManager: Loaded Plugin OnlineSubsystemAmazon, From C:/Program Files/Epic Games/UE_4.14/Engine/Plugins/Online/OnlineSubsystemAmazon/OnlineSubsystemAmazon.uplugin
LogPluginManager: Loaded Plugin OnlineSubsystemFacebook, From C:/Program Files/Epic Games/UE_4.14/Engine/Plugins/Online/OnlineSubsystemFacebook/OnlineSubsystemFacebook.uplugin
LogPluginManager: Loaded Plugin OnlineSubsystemNull, From C:/Program Files/Epic Games/UE_4.14/Engine/Plugins/Online/OnlineSubsystemNull/OnlineSubsystemNull.uplugin
LogPluginManager: Loaded Plugin OnlineSubsystemOculus, From C:/Program Files/Epic Games/UE_4.14/Engine/Plugins/Online/OnlineSubsystemOculus/OnlineSubsystemOculus.uplugin
LogPluginManager: Loaded Plugin OnlineSubsystemSteam, From C:/Program Files/Epic Games/UE_4.14/Engine/Plugins/Online/OnlineSubsystemSteam/OnlineSubsystemSteam.uplugin
LogPluginManager: Loaded Plugin OnlineSubsystemUtils, From C:/Program Files/Epic Games/UE_4.14/Engine/Plugins/Online/OnlineSubsystemUtils/OnlineSubsystemUtils.uplugin
LogPluginManager: Loaded Plugin IOSTapJoy, From C:/Program Files/Epic Games/UE_4.14/Engine/Plugins/Runtime/Advertising/IOSTapJoy/IOSTapJoy.uplugin
LogPluginManager: Loaded Plugin AnalyticsBlueprintLibrary, From C:/Program Files/Epic Games/UE_4.14/Engine/Plugins/Runtime/Analytics/AnalyticsBlueprintLibrary/AnalyticsBlueprintLibrary.uplugin
LogPluginManager: Loaded Plugin AnalyticsMulticast, From C:/Program Files/Epic Games/UE_4.14/Engine/Plugins/Runtime/Analytics/AnalyticsMulticast/AnalyticsMulticast.uplugin
LogPluginManager: Loaded Plugin Apsalar, From C:/Program Files/Epic Games/UE_4.14/Engine/Plugins/Runtime/Analytics/Apsalar/Apsalar.uplugin
LogPluginManager: Loaded Plugin FileLogging, From C:/Program Files/Epic Games/UE_4.14/Engine/Plugins/Runtime/Analytics/FileLogging/FileLogging.uplugin
LogPluginManager: Loaded Plugin Flurry, From C:/Program Files/Epic Games/UE_4.14/Engine/Plugins/Runtime/Analytics/Flurry/Flurry.uplugin
LogPluginManager: Loaded Plugin AndroidDeviceProfileSelector, From C:/Program Files/Epic Games/UE_4.14/Engine/Plugins/Runtime/AndroidDeviceProfileSelector/AndroidDeviceProfileSelector.uplugin
LogPluginManager: Loaded Plugin AndroidMoviePlayer, From C:/Program Files/Epic Games/UE_4.14/Engine/Plugins/Runtime/AndroidMoviePlayer/AndroidMoviePlayer.uplugin
LogPluginManager: Loaded Plugin AppleMoviePlayer, From C:/Program Files/Epic Games/UE_4.14/Engine/Plugins/Runtime/AppleMoviePlayer/AppleMoviePlayer.uplugin
LogPluginManager: Loaded Plugin ArchVisCharacter, From C:/Program Files/Epic Games/UE_4.14/Engine/Plugins/Runtime/ArchVisCharacter/ArchVisCharacter.uplugin
LogPluginManager: Loaded Plugin CableComponent, From C:/Program Files/Epic Games/UE_4.14/Engine/Plugins/Runtime/CableComponent/CableComponent.uplugin
LogPluginManager: Loaded Plugin CustomMeshComponent, From C:/Program Files/Epic Games/UE_4.14/Engine/Plugins/Runtime/CustomMeshComponent/CustomMeshComponent.uplugin
LogPluginManager: Loaded Plugin ExampleDeviceProfileSelector, From C:/Program Files/Epic Games/UE_4.14/Engine/Plugins/Runtime/ExampleDeviceProfileSelector/ExampleDeviceProfileSelector.uplugin
LogPluginManager: Loaded Plugin GearVR, From C:/Program Files/Epic Games/UE_4.14/Engine/Plugins/Runtime/GearVR/GearVR.uplugin
LogPluginManager: Loaded Plugin GoogleVRController, From C:/Program Files/Epic Games/UE_4.14/Engine/Plugins/Runtime/GoogleVR/GoogleVRController/GoogleVRController.uplugin
LogPluginManager: Loaded Plugin GoogleVRHMD, From C:/Program Files/Epic Games/UE_4.14/Engine/Plugins/Runtime/GoogleVR/GoogleVRHMD/GoogleVRHMD.uplugin
LogPluginManager: Loaded Plugin IOSDeviceProfileSelector, From C:/Program Files/Epic Games/UE_4.14/Engine/Plugins/Runtime/IOSDeviceProfileSelector/IOSDeviceProfileSelector.uplugin
LogPluginManager: Loaded Plugin LeapMotion, From C:/Program Files/Epic Games/UE_4.14/Engine/Plugins/Runtime/LeapMotion/LeapMotion.uplugin
LogPluginManager: Loaded Plugin LinuxDeviceProfileSelector, From C:/Program Files/Epic Games/UE_4.14/Engine/Plugins/Runtime/LinuxDeviceProfileSelector/LinuxDeviceProfileSelector.uplugin
LogPluginManager: Loaded Plugin MIDIDevice, From C:/Program Files/Epic Games/UE_4.14/Engine/Plugins/Runtime/MIDIDevice/MIDIDevice.uplugin
LogPluginManager: Loaded Plugin MobilePatchingUtils, From C:/Program Files/Epic Games/UE_4.14/Engine/Plugins/Runtime/MobilePatchingUtils/MobilePatchingUtils.uplugin
LogPluginManager: Loaded Plugin Ansel, From C:/Program Files/Epic Games/UE_4.14/Engine/Plugins/Runtime/Nvidia/Ansel/Ansel.uplugin
LogPluginManager: Loaded Plugin OculusAudio, From C:/Program Files/Epic Games/UE_4.14/Engine/Plugins/Runtime/OculusAudio/OculusAudio.uplugin
LogPluginManager: Loaded Plugin OculusInput, From C:/Program Files/Epic Games/UE_4.14/Engine/Plugins/Runtime/OculusInput/OculusInput.uplugin
LogPluginManager: Loaded Plugin OculusLibrary, From C:/Program Files/Epic Games/UE_4.14/Engine/Plugins/Runtime/OculusLibrary/OculusLibrary.uplugin
LogPluginManager: Loaded Plugin OculusRift, From C:/Program Files/Epic Games/UE_4.14/Engine/Plugins/Runtime/OculusRift/OculusRift.uplugin
LogPluginManager: Loaded Plugin Oodle, From C:/Program Files/Epic Games/UE_4.14/Engine/Plugins/Runtime/PacketHandlers/CompressionComponents/Oodle/Oodle.uplugin
LogPluginManager: Loaded Plugin ProceduralMeshComponent, From C:/Program Files/Epic Games/UE_4.14/Engine/Plugins/Runtime/ProceduralMeshComponent/ProceduralMeshComponent.uplugin
LogPluginManager: Loaded Plugin SoundMod, From C:/Program Files/Epic Games/UE_4.14/Engine/Plugins/Runtime/SoundMod/SoundMod.uplugin
LogPluginManager: Loaded Plugin SoundVisualizations, From C:/Program Files/Epic Games/UE_4.14/Engine/Plugins/Runtime/SoundVisualizations/SoundVisualizations.uplugin
LogPluginManager: Loaded Plugin SteamController, From C:/Program Files/Epic Games/UE_4.14/Engine/Plugins/Runtime/Steam/SteamController/SteamController.uplugin
LogPluginManager: Loaded Plugin SteamVR, From C:/Program Files/Epic Games/UE_4.14/Engine/Plugins/Runtime/Steam/SteamVR/SteamVR.uplugin
LogPluginManager: Loaded Plugin WebBrowserWidget, From C:/Program Files/Epic Games/UE_4.14/Engine/Plugins/Runtime/WebBrowserWidget/WebBrowserWidget.uplugin
LogPluginManager: Loaded Plugin WindowsDeviceProfileSelector, From C:/Program Files/Epic Games/UE_4.14/Engine/Plugins/Runtime/WindowsDeviceProfileSelector/WindowsDeviceProfileSelector.uplugin
LogPluginManager: Loaded Plugin WindowsMoviePlayer, From C:/Program Files/Epic Games/UE_4.14/Engine/Plugins/Runtime/WindowsMoviePlayer/WindowsMoviePlayer.uplugin
LogPluginManager: Loaded Plugin ScriptPlugin, From C:/Program Files/Epic Games/UE_4.14/Engine/Plugins/ScriptPlugin/ScriptPlugin.uplugin
LogPluginManager: Loaded Plugin SlateRemote, From C:/Program Files/Epic Games/UE_4.14/Engine/Plugins/Slate/SlateRemote/SlateRemote.uplugin
LogPluginManager: Loaded Plugin EditorTests, From C:/Program Files/Epic Games/UE_4.14/Engine/Plugins/Tests/EditorTests/EditorTests.uplugin
LogPluginManager: Loaded Plugin FbxAutomationTestBuilder, From C:/Program Files/Epic Games/UE_4.14/Engine/Plugins/Tests/FbxAutomationTestBuilder/FbxAutomationTestBuilder.uplugin
LogPluginManager: Loaded Plugin FunctionalTestingEditor, From C:/Program Files/Epic Games/UE_4.14/Engine/Plugins/Tests/FunctionalTestingEditor/FunctionalTestingEditor.uplugin
LogPluginManager: Loaded Plugin RuntimeTests, From C:/Program Files/Epic Games/UE_4.14/Engine/Plugins/Tests/RuntimeTests/RuntimeTests.uplugin
LogPluginManager: Loaded Plugin ScreenshotTools, From C:/Program Files/Epic Games/UE_4.14/Engine/Plugins/Tests/ScreenshotTools/ScreenshotTools.uplugin
LogInit: Using libcurl 7.47.1
LogInit:  - built for x86_64-pc-win32
LogInit:  - supports SSL with OpenSSL/1.0.2g
LogInit:  - supports HTTP deflate (compression) using libz 1.2.8
LogInit:  - other features:
LogInit:      CURL_VERSION_SSL
LogInit:      CURL_VERSION_LIBZ
LogInit:      CURL_VERSION_IPV6
LogInit:      CURL_VERSION_ASYNCHDNS
LogInit:      CURL_VERSION_LARGEFILE
LogInit:      CURL_VERSION_IDN
LogInit:  CurlRequestOptions (configurable via config and command line):
LogInit:  - bVerifyPeer = false  - Libcurl will NOT verify peer certificate
LogInit:  - bUseHttpProxy = false  - Libcurl will NOT use HTTP proxy
LogInit:  - bDontReuseConnections = false  - Libcurl will reuse connections
LogInit:  - CertBundlePath = nullptr  - Libcurl will use whatever was configured at build time.
OCULUS: Info: [CAPI] LibOVR module is located at C:\Program Files\Oculus\Support\oculus-runtime\LibOVRRT64_1.dll
OCULUS: Debug: Connected to the server running version (prod = 1).1.16.0(build = 409268) feature version = 0. Client runs version (prod = 1).1.16.0(build = 409268) feature version = 0
LogInit: Build: ++UE4+Release-4.14-CL-3249277
LogInit: Engine Version: 4.14.3-3249277+++UE4+Release-4.14
LogInit: Compatible Engine Version: 4.14.0-3195953+++UE4+Release-4.14
LogInit: Net CL: 3195953
LogDevObjectVersion: Number of dev versions registered: 13
LogDevObjectVersion:   Dev-Blueprints (B0D832E4-1F89-4F0D-ACCF-7EB736FD4AA2): 7
LogDevObjectVersion:   Dev-Build (E1C64328-A22C-4D53-A36C-8E866417BD8C): 0
LogDevObjectVersion:   Dev-Core (375EC13C-06E4-48FB-B500-84F0262A717E): 1
LogDevObjectVersion:   Dev-Editor (E4B068ED-F494-42E9-A231-DA0B2E46BB41): 8
LogDevObjectVersion:   Dev-Framework (CFFC743F-43B0-4480-9391-14DF171D2073): 17
LogDevObjectVersion:   Dev-Mobile (B02B49B5-BB20-44E9-A304-32B752E40360): 0
LogDevObjectVersion:   Dev-Networking (A4E4105C-59A1-49B5-A7C5-40C4547EDFEE): 0
LogDevObjectVersion:   Dev-Online (39C831C9-5AE6-47DC-9A44-9C173E1C8E7C): 0
LogDevObjectVersion:   Dev-Physics (78F01B33-EBEA-4F98-B9B4-84EACCB95AA2): 0
LogDevObjectVersion:   Dev-Platform (6631380F-2D4D-43E0-8009-CF276956A95A): 0
LogDevObjectVersion:   Dev-Rendering (12F88B9F-8875-4AFC-A67C-D90C383ABD29): 12
LogDevObjectVersion:   Dev-Sequencer (7B5AE74C-D270-4C10-A958-57980B212A5A): 1
LogDevObjectVersion:   Dev-VR (D7296918-1DD6-4BDD-9DE2-64A83CC13884): 0
LogInit: Compiled (64-bit): Jan  6 2017 10:49:43
LogInit: Compiled with Visual C++: 19.00.23026.00
LogInit: Build Configuration: Development
LogInit: Branch Name: ++UE4+Release-4.14
LogInit: Command line:  
LogInit: Base directory: C:/Program Files/Epic Games/UE_4.14/Engine/Binaries/Win64/
LogInit: Installed Engine Build: 1
LogInit: Presizing for max 8388607 objects, including 0 objects not considered by GC, pre-allocating 0 bytes for permanent pool.
LogInit: Object subsystem initialized
[2017.07.08-04.10.07:299][  0]LogInit: Selected Device Profile: [Windows]
[2017.07.08-04.10.07:299][  0]LogInit: Applying CVar settings loaded from the selected device profile: [Windows]
[2017.07.08-04.10.07:309][  0]LogInit: Computer: DESKTOP-I5IEFBK
[2017.07.08-04.10.07:309][  0]LogInit: User: stewv
[2017.07.08-04.10.07:309][  0]LogInit: CPU Page size=65536, Cores=4
[2017.07.08-04.10.07:309][  0]LogInit: High frequency timer resolution =3.328130 MHz
[2017.07.08-04.10.07:309][  0]LogMemory: Memory total: Physical=7.9GB (8GB approx)
[2017.07.08-04.10.07:309][  0]LogMemory: Platform Memory Stats for Windows
[2017.07.08-04.10.07:309][  0]LogMemory: Process Physical Memory: 267.84 MB used, 267.84 MB peak
[2017.07.08-04.10.07:309][  0]LogMemory: Process Virtual Memory: 266.15 MB used, 266.15 MB peak
[2017.07.08-04.10.07:309][  0]LogMemory: Physical Memory: 3862.35 MB used,  4232.37 MB free, 8094.72 MB total
[2017.07.08-04.10.07:309][  0]LogMemory: Virtual Memory: 717.45 MB used,  4232.37 MB free, 134217728.00 MB total
[2017.07.08-04.10.07:332][  0]LogTextLocalizationManager: No specific translations for ('en-US') exist, so ('en') translations will be used.
[2017.07.08-04.10.07:848][  0]LogD3D11RHI: D3D11 adapters:
[2017.07.08-04.10.07:877][  0]LogD3D11RHI:    0. 'NVIDIA GeForce GTX 970' (Feature Level 11_0)
[2017.07.08-04.10.07:877][  0]LogD3D11RHI:       4059/0/4047 MB DedicatedVideo/DedicatedSystem/SharedSystem, Outputs:1, VendorId:0x10de
[2017.07.08-04.10.07:883][  0]LogD3D11RHI:    1. 'Intel(R) HD Graphics 530' (Feature Level 11_0)
[2017.07.08-04.10.07:883][  0]LogD3D11RHI:       128/0/4047 MB DedicatedVideo/DedicatedSystem/SharedSystem, Outputs:0, VendorId:0x8086
[2017.07.08-04.10.07:884][  0]LogD3D11RHI:    2. 'Microsoft Basic Render Driver' (Feature Level 11_0)
[2017.07.08-04.10.07:884][  0]LogD3D11RHI:       0/0/4047 MB DedicatedVideo/DedicatedSystem/SharedSystem, Outputs:0, VendorId:0x1414
[2017.07.08-04.10.07:885][  0]LogD3D11RHI: Chosen D3D11 Adapter: 0
[2017.07.08-04.10.07:890][  0]LogD3D11RHI: Creating new Direct3DDevice
[2017.07.08-04.10.07:890][  0]LogD3D11RHI:     GPU DeviceId: 0x13c2 (for the marketing name, search the web for "GPU Device Id")
[2017.07.08-04.10.07:890][  0]LogWindows: EnumDisplayDevices:
[2017.07.08-04.10.07:890][  0]LogWindows:    0. 'NVIDIA GeForce GTX 970' (P:1 D:1)
[2017.07.08-04.10.07:893][  0]LogWindows:    1. 'NVIDIA GeForce GTX 970' (P:0 D:0)
[2017.07.08-04.10.07:894][  0]LogWindows:    2. 'NVIDIA GeForce GTX 970' (P:0 D:0)
[2017.07.08-04.10.07:896][  0]LogWindows:    3. 'NVIDIA GeForce GTX 970' (P:0 D:0)
[2017.07.08-04.10.07:897][  0]LogWindows:    4. 'Intel(R) HD Graphics 530' (P:0 D:0)
[2017.07.08-04.10.07:897][  0]LogWindows:    5. 'Intel(R) HD Graphics 530' (P:0 D:0)
[2017.07.08-04.10.07:898][  0]LogWindows:    6. 'Intel(R) HD Graphics 530' (P:0 D:0)
[2017.07.08-04.10.07:898][  0]LogWindows: DebugString: PrimaryIsNotTheChoosenAdapter PrimaryIsNotTheChoosenAdapter PrimaryIsNotTheChoosenAdapter FoundDriverCount:4 
[2017.07.08-04.10.07:898][  0]LogD3D11RHI:     Adapter Name: NVIDIA GeForce GTX 970
[2017.07.08-04.10.07:898][  0]LogD3D11RHI:   Driver Version: 369.09 (internal:21.21.13.6909, unified:369.09)
[2017.07.08-04.10.07:898][  0]LogD3D11RHI:      Driver Date: 8-1-2016
[2017.07.08-04.10.07:898][  0]LogRHI: Texture pool is 1361 MB (70% of 1945 MB)
[2017.07.08-04.10.07:910][  0]LogD3D11RHI: Async texture creation enabled
[2017.07.08-04.10.07:922][  0]LogD3D11RHI: GPU Timing Frequency: 1000.000000 (Debug: 2 1)
[2017.07.08-04.10.07:923][  0]LogShaderCompilers: Guid format shader working directory is -31 characters bigger than the processId version (../../../../../../Users/stewv/OneDrive/Documents/Unreal Projects/IdTechCastle/Intermediate/Shaders/WorkingDirectory/5932/).
[2017.07.08-04.10.07:923][  0]LogShaderCompilers: Cleaned the shader compiler working directory 'C:/Users/stewv/AppData/Local/Temp/UnrealShaderWorkingDir/C6273A1E4F19758C323DA1A4DCF273DC/'.
[2017.07.08-04.10.07:923][  0]LogShaderCompilers:Display: Using Local Shader Compiler.
[2017.07.08-04.10.08:937][  0]LogTemp:Display: Loaded TP AllDesktopTargetPlatform
[2017.07.08-04.10.08:980][  0]LogTemp:Display: Loaded TP MacClientTargetPlatform
[2017.07.08-04.10.09:026][  0]LogTemp:Display: Loaded TP MacNoEditorTargetPlatform
[2017.07.08-04.10.09:070][  0]LogTemp:Display: Loaded TP MacServerTargetPlatform
[2017.07.08-04.10.09:115][  0]LogTemp:Display: Loaded TP MacTargetPlatform
[2017.07.08-04.10.09:159][  0]LogTemp:Display: Loaded TP WindowsClientTargetPlatform
[2017.07.08-04.10.09:203][  0]LogTemp:Display: Loaded TP WindowsNoEditorTargetPlatform
[2017.07.08-04.10.09:248][  0]LogTemp:Display: Loaded TP WindowsServerTargetPlatform
[2017.07.08-04.10.09:288][  0]LogTemp:Display: Loaded TP WindowsTargetPlatform
[2017.07.08-04.10.09:331][  0]LogTemp:Display: Loaded TP AndroidTargetPlatform
[2017.07.08-04.10.09:373][  0]LogTemp:Display: Loaded TP Android_ASTCTargetPlatform
[2017.07.08-04.10.09:421][  0]LogTemp:Display: Loaded TP Android_ATCTargetPlatform
[2017.07.08-04.10.09:466][  0]LogTemp:Display: Loaded TP Android_DXTTargetPlatform
[2017.07.08-04.10.09:511][  0]LogTemp:Display: Loaded TP Android_ETC1TargetPlatform
[2017.07.08-04.10.09:558][  0]LogTemp:Display: Loaded TP Android_ETC2TargetPlatform
[2017.07.08-04.10.09:657][  0]LogTemp:Display: Loaded TP Android_MultiTargetPlatform
[2017.07.08-04.10.09:657][  0]LogTemp:Display: Loaded TP Android_PVRTCTargetPlatform
[2017.07.08-04.10.09:695][  0]LogTemp:Display: Loaded TP HTML5TargetPlatform
[2017.07.08-04.10.09:867][  0]LogTemp:Display: Loaded TP IOSTargetPlatform
[2017.07.08-04.10.09:896][  0]LogTemp:Display: Loaded TP TVOSTargetPlatform
[2017.07.08-04.10.10:146][  0]LogTemp:Display: Loaded TP LinuxClientTargetPlatform
[2017.07.08-04.10.10:192][  0]LogTemp:Display: Loaded TP LinuxNoEditorTargetPlatform
[2017.07.08-04.10.10:239][  0]LogTemp:Display: Loaded TP LinuxServerTargetPlatform
[2017.07.08-04.10.10:294][  0]LogTemp:Display: Loaded TP LinuxTargetPlatform
[2017.07.08-04.10.10:294][  0]LogTargetPlatformManager:Display: Building Assets For Windows
[2017.07.08-04.10.10:664][  0]LogDerivedDataCache:Display: Max Cache Size: 512 MB
[2017.07.08-04.10.10:713][  0]LogDerivedDataCache: Loaded boot cache 0.05s 64MB C:/Users/stewv/AppData/Local/UnrealEngine/4.14/DerivedDataCache/Boot.ddc.
[2017.07.08-04.10.10:713][  0]LogDerivedDataCache:Display: Loaded Boot cache: C:/Users/stewv/AppData/Local/UnrealEngine/4.14/DerivedDataCache/Boot.ddc
[2017.07.08-04.10.10:713][  0]LogDerivedDataCache: FDerivedDataBackendGraph:  Pak pak cache file ../../../../../../Users/stewv/OneDrive/Documents/Unreal Projects/IdTechCastle/DerivedDataCache/DDC.ddp not found, will not use a pak cache.
[2017.07.08-04.10.10:713][  0]LogDerivedDataCache: Unable to find inner node Pak for hierarchical cache Hierarchy.
[2017.07.08-04.10.10:713][  0]LogDerivedDataCache: FDerivedDataBackendGraph:  CompressedPak pak cache file ../../../../../../Users/stewv/OneDrive/Documents/Unreal Projects/IdTechCastle/DerivedDataCache/Compressed.ddp not found, will not use a pak cache.
[2017.07.08-04.10.10:713][  0]LogDerivedDataCache: Unable to find inner node CompressedPak for hierarchical cache Hierarchy.
[2017.07.08-04.10.10:728][  0]LogDerivedDataCache:Display: Pak cache opened for reading ../../../Engine/DerivedDataCache/Compressed.ddp.
[2017.07.08-04.10.10:740][  0]LogDerivedDataCache: Using Local data cache path C:/Users/stewv/AppData/Local/UnrealEngine/Common/DerivedDataCache: Writable
[2017.07.08-04.10.11:005][  0]LogInit: Selected Device Profile: [Windows]
[2017.07.08-04.10.11:007][  0]LogContentStreaming: Texture pool size is 0.00 MB
[2017.07.08-04.10.11:193][  0]LogMeshUtilities: Using QuadricMeshReduction for automatic static mesh reduction
[2017.07.08-04.10.11:232][  0]LogSimplygon: Simplygon DLL not present - disabling.
[2017.07.08-04.10.11:275][  0]LogMeshUtilities: Using SimplygonSwarm for distributed automatic mesh merging
[2017.07.08-04.10.11:275][  0]LogMeshUtilities: No automatic skeletal mesh reduction module available
[2017.07.08-04.10.11:275][  0]LogMeshUtilities: No automatic mesh merging module available
[2017.07.08-04.10.11:798][  0]LogNetVersion: GetLocalNetworkVersion: CL: 3195953, ProjectName: stewh, ProjectVersion: , EngineNetworkVersion: 2, GameNetworkVersion: 0, NetworkChecksum: 305799721
[2017.07.08-04.10.11:855][  0]LogAssetRegistry: FAssetRegistry took 0.0210 seconds to start up
[2017.07.08-04.10.11:905][  0]LogPackageLocalizationCache: Processed 3 localized package path(s) for 2 prioritized culture(s) in 0.030447 seconds
[2017.07.08-04.10.11:910][  0]LogUObjectArray: 31946 objects as part of root set at end of initial load.
[2017.07.08-04.10.11:910][  0]LogUObjectAllocator: 6935848 out of 0 bytes used by permanent object pool.
[2017.07.08-04.10.11:910][  0]LogUObjectArray: CloseDisregardForGC: 0/0 objects in disregard for GC pool
[2017.07.08-04.10.11:961][  0]LogInit: WinSock: version 1.1 (2.2), MaxSocks=32767, MaxUdp=65467
[2017.07.08-04.10.12:983][  0]LogSlate: Using Freetype 2.6.0
[2017.07.08-04.10.13:119][  0]LogSlate: SlateFontCache - WITH_FREETYPE: 1, WITH_HARFBUZZ: 1
[2017.07.08-04.10.13:119][  0]LogSlate: SlateFontCache - WITH_FREETYPE: 1, WITH_HARFBUZZ: 1
[2017.07.08-04.10.19:270][  0]LogTcpMessaging: Initializing TcpMessaging bridge
[2017.07.08-04.10.19:517][  0]LogUdpMessaging: Initializing bridge on interface 0.0.0.0:0 to multicast group 230.0.0.1:6666.
[2017.07.08-04.10.23:010][  0]LogMaterial: Uniform references updated for custom material expression Custom.
[2017.07.08-04.10.26:641][  0]SourceControl: Info Source control is disabled
[2017.07.08-04.10.26:690][  0]SourceControl: Info Source control is disabled
[2017.07.08-04.10.26:979][  0]SourceControl: Info Source control is disabled
[2017.07.08-04.10.27:129][  0]SourceControl: Info Source control is disabled
[2017.07.08-04.10.32:800][  0]LogEngine: Initializing Engine...
[2017.07.08-04.10.33:948][  0]LogHMD: Oculus plugin initialized. Version: 4.14.3-3249277+++UE4+Release-4.14, LibOVR: 1.16.0, SDK: 1.8.0, built Jan  6 2017, 10:50:26
[2017.07.08-04.10.34:822][  0]LogPackageName:Warning: String asset reference "S_ClothTarps_03.SM.Mesh.S_ClothTarps_03" is in short form, which is unsupported and -- even if valid -- resolving it will be really slow. Please consider resaving package in order to speed-up loading.
[2017.07.08-04.10.34:822][  0]LogPackageName: SearchForPackageOnDisk took   0.116s, but failed to resolve S_ClothTarps_03.
[2017.07.08-04.10.34:822][  0]LogPackageName:Warning: String asset reference "S_ClothTarps_03.SM.Mesh.S_ClothTarps_03" could not be resolved.
[2017.07.08-04.10.36:902][  0]LogAIModule: Creating AISystem for world Untitled
[2017.07.08-04.10.37:715][  0]LogInit: XAudio2 using 'Speakers / Headphones (Realtek Audio)' : 2 channels at 48 kHz using 32 bits per sample (channel mask 0x3)
[2017.07.08-04.10.37:967][  0]LogInit: FAudioDevice initialized.
[2017.07.08-04.10.38:023][  0]LogDerivedDataCache: Saved boot cache 0.03s 61MB C:/Users/stewv/AppData/Local/UnrealEngine/4.14/DerivedDataCache/Boot.ddc.
[2017.07.08-04.10.38:030][  0]LogInit: Texture streaming: Enabled
[2017.07.08-04.10.42:260][  0]LogInit: Transaction tracking system initialized
[2017.07.08-04.10.44:323][  0]BlueprintLog: New page: Editor Load
[2017.07.08-04.10.49:610][  0]LocalizationService: Info Localization service is disabled
[2017.07.08-04.10.52:697][  0]LogConsoleResponse:Display: 
[2017.07.08-04.10.56:451][  0]LogFileCache: Scanning file cache for directory 'C:/Users/stewv/OneDrive/Documents/Unreal Projects/IdTechCastle/Content/' took 0.12s
[2017.07.08-04.10.56:451][  0]LogCook:Display: Max memory allowance for cook 16384mb min free memory 0mb
[2017.07.08-04.10.56:485][  0]LogCook:Display: Mobile HDR setting 1
[2017.07.08-04.11.05:826][  0]SourceControl: Info Source control is disabled
[2017.07.08-04.11.06:314][  0]Cmd: MAP LOAD FILE="../../../../../../Users/stewv/OneDrive/Documents/Unreal Projects/IdTechCastle/Content/ThirdPersonBP/Maps/ThirdPersonExampleMap.umap" TEMPLATE=0 SHOWPROGRESS=1 FEATURELEVEL=3
[2017.07.08-04.11.06:437][  0]LightingResults: New page: Lighting Build
[2017.07.08-04.11.07:420][  0]MapCheck: New page: Map Check
[2017.07.08-04.11.07:420][  0]LightingResults: New page: Lighting Build
[2017.07.08-04.11.14:647][  0]LogTexture:Display: Building textures: HQ_Lightmap0_1 (AutoDXT)
[2017.07.08-04.11.15:074][  0]LogDerivedDataCache: FFileSystemDerivedDataBackend: Move collision, attempt at redundant update, OK C:/Users/stewv/AppData/Local/UnrealEngine/Common/DerivedDataCache/2/3/3/TEXTURE_814DCC3DC72143F49509781513CB9855_AUTODXT_887E0883435681F6DE00B4BC86D84__9467C9793E94D4D5ED5DAA1EB7B76907BEA5DCAE.udd.
[2017.07.08-04.11.15:074][  0]LogDerivedDataCache: FFileSystemDerivedDataBackend: Move collision, attempt at redundant update, OK C:/Users/stewv/AppData/Local/UnrealEngine/Common/DerivedDataCache/4/1/4/TEXTURE_814DCC3DC72143F49509781513CB9855_AUTODXT_887E0883435681F6DE00B4BC86D84__F429CAC8CBD14C2A54C9F1DB07E5C0E21DC80523.udd.
[2017.07.08-04.11.15:074][  0]LogTexture:Display: Building textures: HQ_Lightmap0_2 (AutoDXT)
[2017.07.08-04.11.15:259][  0]LogTexture:Display: Building textures: HQ_Lightmap0_3 (AutoDXT)
[2017.07.08-04.11.15:259][  0]LogDerivedDataCache: FFileSystemDerivedDataBackend: Move collision, attempt at redundant update, OK C:/Users/stewv/AppData/Local/UnrealEngine/Common/DerivedDataCache/1/2/1/TEXTURE_814DCC3DC72143F49509781513CB9855_AUTODXT_997286F44853830261436994B712D__0BBCFCE1B45020518D375211B26B33646F3A8016.udd.
[2017.07.08-04.11.15:286][  0]LogTexture:Display: Building textures: LQ_Lightmap_0_1 (DXT1)
[2017.07.08-04.11.15:391][  0]LogTexture:Display: Building textures: LQ_Lightmap_0_2 (DXT1)
[2017.07.08-04.11.15:427][  0]LogTexture:Display: Building textures: LQ_Lightmap_0_3 (DXT1)
[2017.07.08-04.11.15:439][  0]LogDerivedDataCache: FFileSystemDerivedDataBackend: Move collision, attempt at redundant update, OK C:/Users/stewv/AppData/Local/UnrealEngine/Common/DerivedDataCache/4/4/0/TEXTURE_814DCC3DC72143F49509781513CB9855_DXT1_9EF008E44FFDA24017AB52B89CB050C7__7474E0C71D7AD38875CF023AF6D38142B8F87272.udd.
[2017.07.08-04.11.15:439][  0]LogTexture:Display: Building textures: SkyOcclusion0_1 (AutoDXT)
[2017.07.08-04.11.15:568][  0]LogTexture:Display: Building textures: SkyOcclusion0_2 (AutoDXT)
[2017.07.08-04.11.15:609][  0]LogDerivedDataCache: FFileSystemDerivedDataBackend: Move collision, attempt at redundant update, OK C:/Users/stewv/AppData/Local/UnrealEngine/Common/DerivedDataCache/2/3/6/TEXTURE_814DCC3DC72143F49509781513CB9855_AUTODXT_62BF49A448F26B94C3D1579487906__7F31FE0729196D9ED79EC479DADDB0AA07C9BC55.udd.
[2017.07.08-04.11.15:609][  0]LogTexture:Display: Building textures: SkyOcclusion0_3 (AutoDXT)
[2017.07.08-04.11.15:617][  0]LogTexture:Display: Building textures: ShadowMapTexture2D_0 (G8)
[2017.07.08-04.11.15:686][  0]LogDerivedDataCache: FFileSystemDerivedDataBackend: Move collision, attempt at redundant update, OK C:/Users/stewv/AppData/Local/UnrealEngine/Common/DerivedDataCache/6/4/9/TEXTURE_814DCC3DC72143F49509781513CB9855_AUTODXT_74C151CD47B60C703C59E482F54B8__7AE9676151D09478CE67C7B312FD5B3316FD67EF.udd.
[2017.07.08-04.11.15:686][  0]LogTexture:Display: Building textures: ShadowMapTexture2D_1 (G8)
[2017.07.08-04.11.15:986][  0]LogAIModule: Creating AISystem for world ThirdPersonExampleMap
[2017.07.08-04.11.22:088][  0]LogEditorServer: Finished looking for orphan Actors (0.009 secs)
[2017.07.08-04.11.22:517][  0]Cmd: MAP CHECKDEP NOCLEARLOG
[2017.07.08-04.11.22:686][  0]MapCheck: Info Map check complete: 0 Error(s), 0 Warning(s), took 168.652ms to complete.
[2017.07.08-04.11.22:686][  0]LogFileHelpers: Loading map 'ThirdPersonExampleMap' took 16.403
[2017.07.08-04.11.25:329][  0]LogWindowsTextInputMethodSystem:Display: IME system now deactivated.
[2017.07.08-04.11.26:513][  0]LogCollectionManager: Loaded 0 collections in 0.014483 seconds
[2017.07.08-04.11.26:747][  0]LogFileCache: Scanning file cache for directory 'C:/Users/stewv/OneDrive/Documents/Unreal Projects/IdTechCastle/Saved/Collections/' took 0.01s
[2017.07.08-04.11.26:747][  0]LogFileCache: Scanning file cache for directory 'C:/Users/stewv/OneDrive/Documents/Unreal Projects/IdTechCastle/Content/Developers/stewv/Collections/' took 0.01s
[2017.07.08-04.11.26:747][  0]LogFileCache: Scanning file cache for directory 'C:/Users/stewv/OneDrive/Documents/Unreal Projects/IdTechCastle/Content/Collections/' took 0.01s
[2017.07.08-04.11.26:747][  0]LogCollectionManager: Rebuilt the GUID cache for 0 collections in 0.000002 seconds
[2017.07.08-04.11.26:772][  0]LogContentBrowser: Native class hierarchy populated in 0.0089 seconds. Added 2190 classes and 428 folders.
[2017.07.08-04.11.26:940][  0]LogStats: UGameplayTagsManager::ConstructGameplayTagTree: Construct from data asset -  0.000 s
[2017.07.08-04.11.26:940][  0]LogStats: UGameplayTagsManager::ConstructGameplayTagTree: GameplayTagTreeChangedEvent.Broadcast -  0.001 s
[2017.07.08-04.11.26:941][  0]LogContentBrowser: Native class hierarchy updated for 'GameplayTags' in 0.0004 seconds. Added 13 classes and 0 folders.
[2017.07.08-04.11.27:046][  0]LogContentBrowser: Native class hierarchy updated for 'WidgetCarousel' in 0.0004 seconds. Added 0 classes and 0 folders.
[2017.07.08-04.11.29:375][  0]LogContentBrowser: Native class hierarchy updated for 'AddContentDialog' in 0.0005 seconds. Added 0 classes and 0 folders.
[2017.07.08-04.11.29:520][  0]LogContentBrowser: Native class hierarchy updated for 'SceneOutliner' in 0.0004 seconds. Added 1 classes and 2 folders.
[2017.07.08-04.11.30:128][  0]LogCrashTracker: Crashtracker disabled due to settings.
[2017.07.08-04.11.31:208][  0]LogContentBrowser: Native class hierarchy updated for 'HierarchicalLODOutliner' in 0.0005 seconds. Added 1 classes and 2 folders.
[2017.07.08-04.11.31:208][  0]LogLoad: (Engine Initialization) Total time: 85.75 seconds
[2017.07.08-04.11.31:208][  0]LogLoad: (Engine Initialization) Total Blueprint compile time: 1.22 seconds
[2017.07.08-04.11.31:218][  0]LogExternalProfiler: No external profilers were discovered.  External profiling features will not be available.
[2017.07.08-04.11.31:426][  0]LogOcInput: OculusInput pre-init called
[2017.07.08-04.11.31:468][  0]LogOcInput: OculusInput is initialized. Init status 0. Runtime version: 1.16.0
[2017.07.08-04.11.32:205][  0]LogContentStreaming: Texture pool size now 1000 MB
[2017.07.08-04.11.33:873][  0]LogRenderer: Reallocating scene render targets to support 1616x576 NumSamples 1 (Frame:2).
[2017.07.08-04.11.35:903][  4]LogAssetRegistry: Asset discovery search completed in 84.0686 seconds
[2017.07.08-04.11.35:915][  4]LogCollectionManager: Rebuilt the object cache for 0 collections in 0.000001 seconds (found 0 objects)
[2017.07.08-04.11.35:915][  4]LogCollectionManager: Fixed up redirectors for 0 collections in 0.011559 seconds (updated 0 objects)
[2017.07.08-04.11.45:518][849]LogTexture:Display: Building textures: T_Env_Ice_Deco2_Flag_D (AutoDXT)
[2017.07.08-04.11.46:063][849]LogTexture:Display: Building textures: T_Water_N (BC5)
[2017.07.08-04.11.46:406][849]LogTexture:Display: Building textures: T_Fire_Tiled_D (AutoDXT)
[2017.07.08-04.11.46:606][849]LogTexture:Display: Building textures: T_Fire_SubUV (AutoDXT)
[2017.07.08-04.11.46:833][849]LogTexture:Display: Building textures: ThumbnailTexture (DXT1)
[2017.07.08-04.11.46:981][849]LogTexture:Display: Building textures: T_Cherry_Tree_Flowers_D (AutoDXT)
[2017.07.08-04.11.47:353][849]LogTexture:Display: Building textures: T_TreeBase1_D (AutoDXT)
[2017.07.08-04.11.47:565][849]LogTexture:Display: Building textures: T_TreeBase1_N (BC5)
[2017.07.08-04.11.47:666][849]LogMaterial: Missing cached shader map for material M_TreeBark, compiling. 
[2017.07.08-04.11.48:157][849]LogTexture:Display: Building textures: T_Cherry_Tree_Flowers_N (BC5)
[2017.07.08-04.11.48:237][849]LogMaterial: Missing cached shader map for material M_Cherry_Tree, compiling. 
[2017.07.08-04.11.49:662][849]LogTexture:Display: Building textures: T_Plains_Ruins_Pillars_03_D (AutoDXT)
[2017.07.08-04.11.52:390][849]LogTexture:Display: Building textures: T_Plains_Ruins_Pillars_03_N (BC5)
[2017.07.08-04.11.52:785][849]LogStaticMesh: Building static mesh SM_Plains_CastleTower_01...
[2017.07.08-04.11.53:027][849]LogStaticMesh: Built static mesh [0.24s] /Game/InfinityBladeGrassLands/Environments/Plains/Env_Plains_Ruins/StaticMesh/SM_Plains_CastleTower_01.SM_Plains_CastleTower_01
[2017.07.08-04.11.53:106][849]LogMaterial: Missing cached shader map for material M_Plains_Pillars03, compiling. 
[2017.07.08-04.11.53:220][849]LogTexture:Display: Building textures: T_Dirt_D (AutoDXT)
[2017.07.08-04.11.53:910][849]LogTexture:Display: Building textures: T_Dirt_N (BC5)
[2017.07.08-04.11.54:002][849]LogMaterial: Missing cached shader map for material M_Dirt, compiling. 
[2017.07.08-04.11.54:282][849]LogTexture:Display: Building textures: T_Plains_ExtCastle_StoneWall_01_D (AutoDXT)
[2017.07.08-04.11.57:001][849]LogTexture:Display: Building textures: T_Plains_ExtCastle_StoneWall_01_N (BC5)
[2017.07.08-04.11.57:399][849]LogMaterial: Missing cached shader map for material M_Plains_StoneWall, compiling. 
[2017.07.08-04.11.57:467][849]LogStaticMesh: Building static mesh SM_Plains_Ruin_BuildingLOD02...
[2017.07.08-04.11.57:469][849]LogStaticMesh: Built static mesh [0.00s] /Game/InfinityBladeGrassLands/Environments/Plains/Env_Plains_Ruins/StaticMesh/SM_Plains_Ruin_BuildingLOD02.SM_Plains_Ruin_BuildingLOD02
[2017.07.08-04.11.57:470][849]LogStaticMesh: Building static mesh SM_Plains_Ruins_Brazier_01...
[2017.07.08-04.11.57:581][849]LogStaticMesh: Built static mesh [0.11s] /Game/InfinityBladeGrassLands/Environments/Plains/Env_Plains_Ruins/StaticMesh/SM_Plains_Ruins_Brazier_01.SM_Plains_Ruins_Brazier_01
[2017.07.08-04.11.57:581][849]LogStaticMesh: Building static mesh SM_Plains_CastleTower_Ruin_02...
[2017.07.08-04.11.57:640][849]LogStaticMesh: Built static mesh [0.06s] /Game/InfinityBladeGrassLands/Environments/Plains/Env_Plains_Ruins/StaticMesh/SM_Plains_CastleTower_Ruin_02.SM_Plains_CastleTower_Ruin_02
[2017.07.08-04.11.57:644][849]LogStaticMesh: Building static mesh SM_Plains_CastleWall_Support_01...
[2017.07.08-04.11.57:646][849]LogStaticMesh: Built static mesh [0.00s] /Game/InfinityBladeGrassLands/Environments/Plains/Env_Plains_Ruins/StaticMesh/SM_Plains_CastleWall_Support_01.SM_Plains_CastleWall_Support_01
[2017.07.08-04.11.57:929][849]LogTexture:Display: Building textures: T_Plains_Ruins_Pillars_N (BC5)
[2017.07.08-04.11.58:517][849]LogTexture:Display: Building textures: T_Plants_D (AutoDXT)
[2017.07.08-04.11.59:476][849]LogTexture:Display: Building textures: T_Plants_N (BC5)
[2017.07.08-04.11.59:840][849]LogMaterial: Missing cached shader map for material M_Exo_Generic_Plants, compiling. 
[2017.07.08-04.11.59:887][849]LogStaticMesh: Building static mesh SM_Exo_Decos_Door_Frame01...
[2017.07.08-04.11.59:892][849]LogStaticMesh: Built static mesh [0.01s] /Game/InfinityBladeGrassLands/Environments/Misc/Exo_Deco02/StaticMesh/SM_Exo_Decos_Door_Frame01.SM_Exo_Decos_Door_Frame01
[2017.07.08-04.11.59:893][849]LogStaticMesh: Building static mesh SM_SmallTree02...
[2017.07.08-04.11.59:928][849]LogStaticMesh: Built static mesh [0.03s] /Game/InfinityBladeGrassLands/Environments/Earth/StaticMesh/SM_SmallTree02.SM_SmallTree02
[2017.07.08-04.11.59:928][849]LogStaticMesh: Building static mesh SM_Plains_Tree_Branch01...
[2017.07.08-04.11.59:951][849]LogStaticMesh: Built static mesh [0.02s] /Game/InfinityBladeGrassLands/Environments/Plains/Env_Plains_Flora/StaticMesh/SM_Plains_Tree_Branch01.SM_Plains_Tree_Branch01
[2017.07.08-04.11.59:952][849]LogStaticMesh: Building static mesh SM_Plains_Vine01...
[2017.07.08-04.11.59:984][849]LogStaticMesh: Built static mesh [0.03s] /Game/InfinityBladeGrassLands/Environments/Plains/Env_Plains_Flora/StaticMesh/SM_Plains_Vine01.SM_Plains_Vine01
[2017.07.08-04.12.00:212][849]LogTexture:Display: Building textures: T_Plains_Fern01_D (AutoDXT)
[2017.07.08-04.12.02:428][849]LogTexture:Display: Building textures: T_Plains_Fern01_N (AutoDXT)
[2017.07.08-04.12.03:991][849]LogMaterial: Missing cached shader map for material M_PLains_Fern01, compiling. 
[2017.07.08-04.12.04:239][849]LogTexture:Display: Building textures: T_RockMesh_N (BC5)
[2017.07.08-04.12.04:751][849]LogTexture:Display: Building textures: T_RockMesh_M (DXT1)
[2017.07.08-04.12.05:807][849]LogTexture:Display: Building textures: HQ_Lightmap0_1 (AutoDXT)
[2017.07.08-04.12.05:999][849]LogTexture:Display: Building textures: HQ_Lightmap0_10 (AutoDXT)
[2017.07.08-04.12.06:556][849]LogTexture:Display: Building textures: HQ_Lightmap0_11 (AutoDXT)
[2017.07.08-04.12.07:083][849]LogTexture:Display: Building textures: HQ_Lightmap0_12 (AutoDXT)
[2017.07.08-04.12.07:454][849]LogTexture:Display: Building textures: HQ_Lightmap0_2 (AutoDXT)
[2017.07.08-04.12.08:053][849]LogTexture:Display: Building textures: HQ_Lightmap0_3 (AutoDXT)
[2017.07.08-04.12.08:676][849]LogTexture:Display: Building textures: HQ_Lightmap0_4 (AutoDXT)
[2017.07.08-04.12.09:251][849]LogTexture:Display: Building textures: HQ_Lightmap0_5 (AutoDXT)
[2017.07.08-04.12.09:797][849]LogTexture:Display: Building textures: HQ_Lightmap0_6 (AutoDXT)
[2017.07.08-04.12.10:374][849]LogTexture:Display: Building textures: HQ_Lightmap0_7 (AutoDXT)
[2017.07.08-04.12.10:898][849]LogTexture:Display: Building textures: HQ_Lightmap0_8 (AutoDXT)
[2017.07.08-04.12.11:393][849]LogTexture:Display: Building textures: HQ_Lightmap0_9 (AutoDXT)
[2017.07.08-04.12.11:819][849]LogTexture:Display: Building textures: LQ_Lightmap_0_1 (DXT1)
[2017.07.08-04.12.11:928][849]LogTexture:Display: Building textures: LQ_Lightmap_0_10 (DXT1)
[2017.07.08-04.12.12:320][849]LogTexture:Display: Building textures: LQ_Lightmap_0_11 (DXT1)
[2017.07.08-04.12.12:726][849]LogTexture:Display: Building textures: LQ_Lightmap_0_12 (DXT1)
[2017.07.08-04.12.13:002][849]LogTexture:Display: Building textures: LQ_Lightmap_0_2 (DXT1)
[2017.07.08-04.12.13:374][849]LogTexture:Display: Building textures: LQ_Lightmap_0_3 (DXT1)
[2017.07.08-04.12.13:745][849]LogTexture:Display: Building textures: LQ_Lightmap_0_4 (DXT1)
[2017.07.08-04.12.14:123][849]LogTexture:Display: Building textures: LQ_Lightmap_0_5 (DXT1)
[2017.07.08-04.12.14:887][849]LogTexture:Display: Building textures: LQ_Lightmap_0_6 (DXT1)
[2017.07.08-04.12.15:267][849]LogTexture:Display: Building textures: LQ_Lightmap_0_7 (DXT1)
[2017.07.08-04.12.15:658][849]LogTexture:Display: Building textures: LQ_Lightmap_0_8 (DXT1)
[2017.07.08-04.12.16:030][849]LogTexture:Display: Building textures: LQ_Lightmap_0_9 (DXT1)
[2017.07.08-04.12.16:351][849]LogTexture:Display: Building textures: ShadowMapTexture2D_0 (BGRA8)
[2017.07.08-04.12.16:380][849]LogTexture:Display: Building textures: ShadowMapTexture2D_1 (G8)
[2017.07.08-04.12.16:447][849]LogTexture:Display: Building textures: ShadowMapTexture2D_2 (G8)
[2017.07.08-04.12.16:511][849]LogTexture:Display: Building textures: ShadowMapTexture2D_3 (G8)
[2017.07.08-04.12.16:570][849]LogTexture:Display: Building textures: ShadowMapTexture2D_4 (G8)
[2017.07.08-04.12.16:683][849]LogTexture:Display: Building textures: ShadowMapTexture2D_5 (BGRA8)
[2017.07.08-04.12.16:769][849]LogTexture:Display: Building textures: ShadowMapTexture2D_6 (BGRA8)
[2017.07.08-04.12.17:072][849]LogTexture:Display: Building textures: T_Plains_Tree01_N (BC5)
[2017.07.08-04.12.17:655][849]LogTexture:Display: Building textures: T_Plains_Tree01_D (AutoDXT)
[2017.07.08-04.12.19:832][849]LogTexture:Display: Building textures: T_Plains_Ruins_Pillars_02_D (AutoDXT)
[2017.07.08-04.12.22:250][849]LogTexture:Display: Building textures: T_Plains_Ruins_Pillars_02_N (BC5)
[2017.07.08-04.12.22:600][849]LogMaterial: Missing cached shader map for material M_Plains_Pillars02, compiling. 
[2017.07.08-04.12.22:632][849]LogStaticMesh: Building static mesh SM_Plains_Buttress_02...
[2017.07.08-04.12.22:648][849]LogStaticMesh: Built static mesh [0.02s] /Game/InfinityBladeGrassLands/Environments/Plains/Env_Plains_Ruins/StaticMesh/SM_Plains_Buttress_02.SM_Plains_Buttress_02
[2017.07.08-04.12.22:648][849]LogStaticMesh: Building static mesh SM_Plains_Vine02...
[2017.07.08-04.12.22:680][849]LogStaticMesh: Built static mesh [0.03s] /Game/InfinityBladeGrassLands/Environments/Plains/Env_Plains_Flora/StaticMesh/SM_Plains_Vine02.SM_Plains_Vine02
[2017.07.08-04.12.22:959][849]LogTexture:Display: Building textures: T_Decos_Door_Frame_D (AutoDXT)
[2017.07.08-04.12.25:225][849]LogTexture:Display: Building textures: T_Decos_Door_Frame_D_NRM (BC5)
[2017.07.08-04.12.25:567][849]LogStaticMesh: Building static mesh SM_Plains_Floors_Rubble...
[2017.07.08-04.12.25:571][849]LogStaticMesh: Built static mesh [0.00s] /Game/InfinityBladeGrassLands/Environments/Plains/Env_Plains_Floors/StaticMesh/SM_Plains_Floors_Rubble.SM_Plains_Floors_Rubble
[2017.07.08-04.12.25:671][849]LogMaterial: Missing cached shader map for material M_Decos_Door_Frame, compiling. 
[2017.07.08-04.12.25:877][849]LogTexture:Display: Building textures: T_Plains_Ruins_DemonDoor_D (AutoDXT)
[2017.07.08-04.12.28:530][849]LogTexture:Display: Building textures: T_Plains_Ruins_DemonDoor_N (BC5)
[2017.07.08-04.12.28:885][849]LogMaterial: Missing cached shader map for material M_Plains_Castle_Demon, compiling. 
[2017.07.08-04.12.28:903][849]LogMaterial: Missing cached shader map for material M_Env_Ice_Deco2_Flags, compiling. 
[2017.07.08-04.12.29:342][849]LogTexture:Display: Building textures: T_Rock_Basalt_D (AutoDXT)
[2017.07.08-04.12.31:566][849]LogTexture:Display: Building textures: T_Detail_Rocky_N (BC5)
[2017.07.08-04.12.31:665][849]LogMaterial: Missing cached shader map for material M_Rock, compiling. 
[2017.07.08-04.12.31:791][849]LogTexture:Display: Building textures: T_Env_Breakables_Breakables_D (AutoDXT)
[2017.07.08-04.12.32:254][849]LogTexture:Display: Building textures: T_Env_Breakables_BreakablesSnow_M (AutoDXT)
[2017.07.08-04.12.32:419][849]LogTexture:Display: Building textures: T_Env_Breakables_Breakables_R (AutoDXT)
[2017.07.08-04.12.32:900][849]LogTexture:Display: Building textures: T_Env_Breakables_Breakables_N (AutoDXT)
[2017.07.08-04.12.33:448][849]LogMaterial: Missing cached shader map for material M_Breakables_Barrels, compiling. 
[2017.07.08-04.12.33:544][849]LogStaticMesh: Building static mesh SM_Plains_Tree_Stump01...
[2017.07.08-04.12.33:548][849]LogStaticMesh: Built static mesh [0.00s] /Game/InfinityBladeGrassLands/Environments/Plains/Env_Plains_Flora/StaticMesh/SM_Plains_Tree_Stump01.SM_Plains_Tree_Stump01
[2017.07.08-04.12.33:813][849]LogTexture:Display: Building textures: T_Plains_Ruins_Pillars_D (AutoDXT)
[2017.07.08-04.12.36:502][849]LogTexture:Display: Building textures: T_Plains_Ruins_Pillars_M (AutoDXT)
[2017.07.08-04.12.36:822][849]LogMaterial: Missing cached shader map for material M_Plains_Pillars, compiling. 
[2017.07.08-04.12.36:879][849]LogStaticMesh: Building static mesh SM_Plains_CastleTower_Ruin_01...
[2017.07.08-04.12.36:949][849]LogStaticMesh: Built static mesh [0.07s] /Game/InfinityBladeGrassLands/Environments/Plains/Env_Plains_Ruins/StaticMesh/SM_Plains_CastleTower_Ruin_01.SM_Plains_CastleTower_Ruin_01
[2017.07.08-04.12.37:269][849]LogTexture:Display: Building textures: T_Lamp_N (BC5)
[2017.07.08-04.12.37:844][849]LogTexture:Display: Building textures: T_Lamp_M (AutoDXT)
[2017.07.08-04.12.39:120][849]LogStaticMesh: Building static mesh SM_Cherry_Tree...
[2017.07.08-04.12.39:156][849]LogStaticMesh: Built static mesh [0.04s] /Game/InfinityBladeGrassLands/Environments/Earth/StaticMesh/SM_Cherry_Tree.SM_Cherry_Tree
[2017.07.08-04.12.39:158][849]LogStaticMesh: Building static mesh SM_Env_Breakables_Box1...
[2017.07.08-04.12.39:160][849]LogStaticMesh: Built static mesh [0.00s] /Game/InfinityBladeGrassLands/Environments/Breakables/StaticMesh/Box/SM_Env_Breakables_Box1.SM_Env_Breakables_Box1
[2017.07.08-04.12.39:160][849]LogStaticMesh: Building static mesh SM_Env_Breakables_Box1_destroyed...
[2017.07.08-04.12.39:174][849]LogStaticMesh: Built static mesh [0.01s] /Game/InfinityBladeGrassLands/Environments/Breakables/StaticMesh/Box/SM_Env_Breakables_Box1_destroyed.SM_Env_Breakables_Box1_destroyed
[2017.07.08-04.12.39:174][849]LogStaticMesh: Building static mesh SM_Env_Breakables_Boxes...
[2017.07.08-04.12.39:240][849]LogStaticMesh: Built static mesh [0.07s] /Game/InfinityBladeGrassLands/Environments/Breakables/StaticMesh/Box/SM_Env_Breakables_Boxes.SM_Env_Breakables_Boxes
[2017.07.08-04.12.39:241][849]LogStaticMesh: Building static mesh SM_Env_Breakables_BoxesBITS...
[2017.07.08-04.12.39:312][849]LogStaticMesh: Built static mesh [0.07s] /Game/InfinityBladeGrassLands/Environments/Breakables/StaticMesh/Box/SM_Env_Breakables_BoxesBITS.SM_Env_Breakables_BoxesBITS
[2017.07.08-04.12.39:313][849]LogStaticMesh: Building static mesh SM_Plains_Angel_Statue_01_nobase_torch...
[2017.07.08-04.12.39:454][849]LogStaticMesh: Built static mesh [0.14s] /Game/InfinityBladeGrassLands/Environments/Plains/Env_Plains_Statues/StaticMesh/SM_Plains_Angel_Statue_01_nobase_torch.SM_Plains_Angel_Statue_01_nobase_torch
[2017.07.08-04.12.39:455][849]LogStaticMesh: Building static mesh SM_Plains_Castle_Bridge_Wall_01...
[2017.07.08-04.12.39:524][849]LogStaticMesh: Built static mesh [0.07s] /Game/InfinityBladeGrassLands/Environments/Plains/Env_Plains_Ruins/StaticMesh/SM_Plains_Castle_Bridge_Wall_01.SM_Plains_Castle_Bridge_Wall_01
[2017.07.08-04.12.39:524][849]LogStaticMesh: Building static mesh SM_Plains_Castle_DemonDoor_Half...
[2017.07.08-04.12.39:553][849]LogStaticMesh: Built static mesh [0.03s] /Game/InfinityBladeGrassLands/Environments/Plains/Env_Plains_Statues/StaticMesh/SM_Plains_Castle_DemonDoor_Half.SM_Plains_Castle_DemonDoor_Half
[2017.07.08-04.12.39:553][849]LogStaticMesh: Building static mesh SM_Plains_Castle_Stairs_01...
[2017.07.08-04.12.39:597][849]LogStaticMesh: Built static mesh [0.04s] /Game/InfinityBladeGrassLands/Environments/Plains/Env_Plains_Ruins/StaticMesh/SM_Plains_Castle_Stairs_01.SM_Plains_Castle_Stairs_01
[2017.07.08-04.12.39:598][849]LogStaticMesh: Building static mesh SM_Plains_Wall_Straight_01...
[2017.07.08-04.12.39:646][849]LogStaticMesh: Built static mesh [0.05s] /Game/InfinityBladeGrassLands/Environments/Plains/Env_Plains_Ruins/StaticMesh/SM_Plains_Wall_Straight_01.SM_Plains_Wall_Straight_01
[2017.07.08-04.12.39:651][849]LogMaterial: Missing cached shader map for material M_Plains_Tree_Stump01, compiling. 
[2017.07.08-04.12.39:668][849]LogStaticMesh: Building static mesh SM_Plains_CastleWall_Ruin_02...
[2017.07.08-04.12.39:725][849]LogStaticMesh: Built static mesh [0.06s] /Game/InfinityBladeGrassLands/Environments/Plains/Env_Plains_Ruins/StaticMesh/SM_Plains_CastleWall_Ruin_02.SM_Plains_CastleWall_Ruin_02
[2017.07.08-04.12.41:416][849]LogTexture:Display: Building textures: T_Plains_Angel_Statue_D (AutoDXT)
[2017.07.08-04.12.43:675][849]LogTexture:Display: Building textures: T_Plains_Angel_Statue_N (BC5)
[2017.07.08-04.12.44:071][849]LogMaterial: Missing cached shader map for material M_Plains_Angel_Statue, compiling. 
[2017.07.08-04.12.44:097][849]LogStaticMesh: Building static mesh SM_Env_Breakables_GroupLg...
[2017.07.08-04.12.44:154][849]LogStaticMesh: Built static mesh [0.06s] /Game/InfinityBladeGrassLands/Environments/Breakables/StaticMesh/Objects/SM_Env_Breakables_GroupLg.SM_Env_Breakables_GroupLg
[2017.07.08-04.12.44:298][849]LogTexture:Display: Building textures: T_Plains_FloorsTrim_N (BC5)
[2017.07.08-04.12.44:656][849]LogTexture:Display: Building textures: T_Plains_FloorsTrim_D (AutoDXT)
[2017.07.08-04.12.46:891][849]LogMaterial: Missing cached shader map for material M_Plains_FloorTrims, compiling. 
[2017.07.08-04.12.47:142][849]LogTexture:Display: Building textures: T_Plains_Ruins_Cage_D (AutoDXT)
[2017.07.08-04.12.49:415][849]LogTexture:Display: Building textures: T_Plains_Ruins_Cage_N (BC5)
[2017.07.08-04.12.49:829][849]LogMaterial: Missing cached shader map for material M_Plains_Cage, compiling. 
[2017.07.08-04.12.49:858][849]LogAIModule: Creating AISystem for world Castle
[2017.07.08-04.12.50:423][849]Cmd: MAP LOAD FILE="../../../../../../Users/stewv/OneDrive/Documents/Unreal Projects/IdTechCastle/Content/Castle.umap" TEMPLATE=0 SHOWPROGRESS=1 FEATURELEVEL=3
[2017.07.08-04.12.50:424][849]LightingResults: New page: Lighting Build
[2017.07.08-04.12.50:425][849]LoadErrors: New page: Loading map: Castle.umap
[2017.07.08-04.12.50:624][849]MapCheck: New page: Map Check
[2017.07.08-04.12.50:625][849]LightingResults: New page: Lighting Build
[2017.07.08-04.12.51:136][849]LogEditorServer: Finished looking for orphan Actors (0.000 secs)
[2017.07.08-04.12.51:211][849]Cmd: MAP CHECKDEP NOCLEARLOG
[2017.07.08-04.12.51:278][849]MapCheck: Info Map check complete: 0 Error(s), 0 Warning(s), took 66.673ms to complete.
[2017.07.08-04.12.51:279][849]LogFileHelpers: Loading map 'Castle' took 0.947
[2017.07.08-04.13.07:740][714]LogRenderer: Reallocating scene render targets to support 1616x580 NumSamples 1 (Frame:17).
[2017.07.08-04.13.07:794][715]LogRenderer: Reallocating scene render targets to support 1616x592 NumSamples 1 (Frame:19).
[2017.07.08-04.13.07:850][716]LogRenderer: Reallocating scene render targets to support 1616x600 NumSamples 1 (Frame:21).
[2017.07.08-04.13.07:904][717]LogRenderer: Reallocating scene render targets to support 1616x612 NumSamples 1 (Frame:23).
[2017.07.08-04.13.07:969][718]LogRenderer: Reallocating scene render targets to support 1616x628 NumSamples 1 (Frame:25).
[2017.07.08-04.13.08:034][719]LogRenderer: Reallocating scene render targets to support 1616x648 NumSamples 1 (Frame:27).
[2017.07.08-04.13.08:099][720]LogRenderer: Reallocating scene render targets to support 1616x660 NumSamples 1 (Frame:29).
[2017.07.08-04.13.08:153][721]LogRenderer: Reallocating scene render targets to support 1616x664 NumSamples 1 (Frame:31).
[2017.07.08-04.13.08:212][722]LogRenderer: Reallocating scene render targets to support 1616x672 NumSamples 1 (Frame:33).
[2017.07.08-04.13.08:272][723]LogRenderer: Reallocating scene render targets to support 1616x688 NumSamples 1 (Frame:35).
[2017.07.08-04.13.08:324][724]LogRenderer: Reallocating scene render targets to support 1616x704 NumSamples 1 (Frame:37).
[2017.07.08-04.13.08:384][725]LogRenderer: Reallocating scene render targets to support 1616x708 NumSamples 1 (Frame:39).
[2017.07.08-04.13.10:915][941]LogRenderer: Reallocating scene render targets to support 1620x708 NumSamples 1 (Frame:84).
[2017.07.08-04.13.10:968][942]LogRenderer: Reallocating scene render targets to support 1656x708 NumSamples 1 (Frame:86).
[2017.07.08-04.13.11:027][943]LogRenderer: Reallocating scene render targets to support 1672x708 NumSamples 1 (Frame:88).
[2017.07.08-04.13.11:142][947]LogRenderer: Reallocating scene render targets to support 1680x708 NumSamples 1 (Frame:92).
[2017.07.08-04.13.11:248][950]LogRenderer: Reallocating scene render targets to support 1684x708 NumSamples 1 (Frame:96).
[2017.07.08-04.13.11:293][951]LogRenderer: Reallocating scene render targets to support 1692x708 NumSamples 1 (Frame:98).
[2017.07.08-04.13.11:379][952]LogRenderer: Reallocating scene render targets to support 1696x708 NumSamples 1 (Frame:100).
[2017.07.08-04.13.11:439][953]LogRenderer: Reallocating scene render targets to support 1708x708 NumSamples 1 (Frame:102).
[2017.07.08-04.13.11:603][961]LogRenderer: Reallocating scene render targets to support 1712x708 NumSamples 1 (Frame:108).
[2017.07.08-04.13.11:662][962]LogRenderer: Reallocating scene render targets to support 1720x708 NumSamples 1 (Frame:110).
[2017.07.08-04.13.17:225][446]LogEditorViewport: Clicking Background
[2017.07.08-04.13.23:039][126]LogTemp: Repeting last play command: Selected Viewport
[2017.07.08-04.13.23:054][126]LogBlueprintUserMessages: Early PlayInEditor Detection: Level '/Game/Castle.Castle:PersistentLevel' has LevelScriptBlueprint '/Game/Castle.Castle:PersistentLevel.Castle' with GeneratedClass '/Game/Castle.Castle_C' with ClassGeneratedBy '/Game/Castle.Castle:PersistentLevel.Castle'
[2017.07.08-04.13.23:087][126]LogPlayLevel: PlayLevel: No blueprints needed recompiling
[2017.07.08-04.13.23:196][126]PIE: New page: PIE session: Castle (Jul 7, 2017, 8:13:23 PM)
[2017.07.08-04.13.23:207][126]LogPlayLevel: Creating play world package: /Game/UEDPIE_0_Castle
[2017.07.08-04.13.23:293][126]LogPlayLevel: PIE: StaticDuplicateObject took: (0.086075s)
[2017.07.08-04.13.23:293][126]LogAIModule: Creating AISystem for world Castle
[2017.07.08-04.13.23:307][126]LogPlayLevel: PIE: World Init took: (0.014703s)
[2017.07.08-04.13.23:308][126]LogPlayLevel: PIE: Created PIE world by copying editor world from /Game/Castle.Castle to /Game/UEDPIE_0_Castle.Castle (0.101733s)
[2017.07.08-04.13.23:413][126]LogInit: XAudio2 using 'Speakers / Headphones (Realtek Audio)' : 2 channels at 48 kHz using 32 bits per sample (channel mask 0x3)
[2017.07.08-04.13.23:452][126]LogInit: FAudioDevice initialized.
[2017.07.08-04.13.23:658][126]LogLoad: Game class is 'ThirdPersonGameMode_C'
[2017.07.08-04.13.23:911][126]LogWorld: Bringing World /Game/UEDPIE_0_Castle.Castle up for play (max tick rate 0) at 2017.07.08-00.13.23
[2017.07.08-04.13.23:992][126]LogWorld: Bringing up level for play took: 0.198919
[2017.07.08-04.13.24:167][126]LogContentBrowser: Native class hierarchy updated for 'MovieSceneCapture' in 0.0008 seconds. Added 11 classes and 0 folders.
[2017.07.08-04.13.24:306][126]PIE: Info Play in editor start time for /Game/UEDPIE_0_Castle 2.174
[2017.07.08-04.13.24:306][126]LogBlueprintUserMessages: Late PlayInEditor Detection: Level '/Game/Castle.Castle:PersistentLevel' has LevelScriptBlueprint '/Game/Castle.Castle:PersistentLevel.Castle' with GeneratedClass '/Game/Castle.Castle_C' with ClassGeneratedBy '/Game/Castle.Castle:PersistentLevel.Castle'
[2017.07.08-04.14.06:927][ 28]LogCharacterMovement: ThirdPersonCharacter_C_0 is stuck and failed to move! Velocity: X=337.29 Y=-327.99 Z=0.00 Location: X=1908.27 Y=1058.34 Z=276.91 Normal: X=-0.47 Y=-0.50 Z=0.72 PenetrationDepth:1.214 Actor:SM_Rock_DM_12 Component:DestructibleComponent0 BoneName:Part30 (0 other events since notify)
[2017.07.08-04.15.12:354][630]LogBlueprintUserMessages: Early EndPlayMap Detection: Level '/Game/Castle.Castle:PersistentLevel' has LevelScriptBlueprint '/Game/Castle.Castle:PersistentLevel.Castle' with GeneratedClass '/Game/Castle.Castle_C' with ClassGeneratedBy '/Game/Castle.Castle:PersistentLevel.Castle'
[2017.07.08-04.15.12:559][630]LogBlueprintUserMessages: Late EndPlayMap Detection: Level '/Game/Castle.Castle:PersistentLevel' has LevelScriptBlueprint '/Game/Castle.Castle:PersistentLevel.Castle' with GeneratedClass '/Game/Castle.Castle_C' with ClassGeneratedBy '/Game/Castle.Castle:PersistentLevel.Castle'
[2017.07.08-04.15.16:488][ 64]LogWindowsTextInputMethodSystem:Display: IME system now deactivated.
[2017.07.08-04.15.17:190][ 65]Cmd: QUIT_EDITOR
[2017.07.08-04.15.17:997][ 65]LogExit: Preparing to exit.
[2017.07.08-04.15.19:222][ 65]LogDirectoryWatcher: A directory notification for 'C:/Users/stewv/OneDrive/Documents/Unreal Projects/IdTechCastle/Content/' was aborted.
[2017.07.08-04.15.19:335][ 65]LogExit: Editor shut down
[2017.07.08-04.15.19:335][ 65]LogExit: Transaction tracking system shut down
[2017.07.08-04.15.21:686][ 65]LogObj: Freed 0b from 0 cluster array pools.
[2017.07.08-04.15.21:700][ 65]LogExit: Object subsystem successfully closed.
[2017.07.08-04.15.21:910][ 65]LogD3D11RHI: Shutdown
[2017.07.08-04.15.21:951][ 65]LogD3D11RHI: CleanupD3DDevice
[2017.07.08-04.15.22:156][ 65]LogD3D11RHI: ~FD3D11DynamicRHI
[2017.07.08-04.15.23:781][ 65]LogHttp:Display: Http module shutting down, but needs to wait on 1 outstanding Http requests:
[2017.07.08-04.15.23:781][ 65]LogHttp:Display: 	verb=[POST] url=[https://datarouter.ol.epicgames.com/datarouter/api/v1/public/data?SessionID=%7B184C1BB8-4B16-2210-CAD6-1C936FB46C58%7D&AppID=UEEditor.Rocket.Release&AppVersion=4.14.3-3249277%2B%2B%2BUE4%2BRelease-4.14&UserID=4276c1934e556983805f72b5c6bd13c7%7C981fbeea2f2f4ba78f73b19c6da06daa%7Cced47d4d-983e-4161-85c9-61dbbed5d387&AppEnvironment=datacollector-binary&UploadType=eteventstream] status=Processing
[2017.07.08-04.15.23:898][ 65]LogModuleManager: Shutting down and abandoning module MovieSceneCapture (242)
[2017.07.08-04.15.23:898][ 65]LogModuleManager: Shutting down and abandoning module HierarchicalLODOutliner (241)
[2017.07.08-04.15.23:915][ 65]LogModuleManager: Shutting down and abandoning module CrashTracker (240)
[2017.07.08-04.15.23:915][ 65]LogModuleManager: Shutting down and abandoning module SceneOutliner (239)
[2017.07.08-04.15.23:925][ 65]LogModuleManager: Shutting down and abandoning module WidgetCarousel (238)
[2017.07.08-04.15.23:925][ 65]LogModuleManager: Shutting down and abandoning module AddContentDialog (237)
[2017.07.08-04.15.23:985][ 65]LogDirectoryWatcher: A directory notification for 'C:/Program Files/Epic Games/UE_4.14/FeaturePacks/' was aborted.
[2017.07.08-04.15.23:986][ 65]LogModuleManager: Shutting down and abandoning module GameplayTags (236)
[2017.07.08-04.15.23:986][ 65]LogModuleManager: Shutting down and abandoning module EditorWidgets (235)
[2017.07.08-04.15.23:986][ 65]LogModuleManager: Shutting down and abandoning module CollectionManager (234)
[2017.07.08-04.15.24:008][ 65]LogDirectoryWatcher: A directory notification for 'C:/Users/stewv/OneDrive/Documents/Unreal Projects/IdTechCastle/Content/Collections/' was aborted.
[2017.07.08-04.15.24:008][ 65]LogDirectoryWatcher: A directory notification for 'C:/Users/stewv/OneDrive/Documents/Unreal Projects/IdTechCastle/Content/Developers/stewv/Collections/' was aborted.
[2017.07.08-04.15.24:008][ 65]LogDirectoryWatcher: A directory notification for 'C:/Users/stewv/OneDrive/Documents/Unreal Projects/IdTechCastle/Saved/Collections/' was aborted.
[2017.07.08-04.15.24:008][ 65]LogModuleManager: Shutting down and abandoning module StatsViewer (233)
[2017.07.08-04.15.24:033][ 65]LogModuleManager: Shutting down and abandoning module FoliageEdit (232)
[2017.07.08-04.15.24:033][ 65]LogModuleManager: Shutting down and abandoning module LandscapeEditor (231)
[2017.07.08-04.15.24:070][ 65]LogModuleManager: Shutting down and abandoning module SceneDepthPickerMode (230)
[2017.07.08-04.15.24:070][ 65]LogModuleManager: Shutting down and abandoning module ActorPickerMode (229)
[2017.07.08-04.15.24:070][ 65]LogModuleManager: Shutting down and abandoning module GeometryMode (228)
[2017.07.08-04.15.24:070][ 65]LogModuleManager: Shutting down and abandoning module TextureAlignMode (227)
[2017.07.08-04.15.24:070][ 65]LogModuleManager: Shutting down and abandoning module BspMode (226)
[2017.07.08-04.15.24:080][ 65]LogModuleManager: Shutting down and abandoning module HardwareSurvey (225)
[2017.07.08-04.15.24:080][ 65]LogModuleManager: Shutting down and abandoning module SequenceRecorderSections (224)
[2017.07.08-04.15.24:080][ 65]LogModuleManager: Shutting down and abandoning module AutomationWorker (223)
[2017.07.08-04.15.24:082][ 65]LogModuleManager: Shutting down and abandoning module MatineeToLevelSequence (222)
[2017.07.08-04.15.24:101][ 65]LogModuleManager: Shutting down and abandoning module PlacementMode (221)
[2017.07.08-04.15.24:111][ 65]LogModuleManager: Shutting down and abandoning module LevelSequenceEditor (220)
[2017.07.08-04.15.24:190][ 65]LogModuleManager: Shutting down and abandoning module WmfMediaFactory (219)
[2017.07.08-04.15.24:190][ 65]LogModuleManager: Shutting down and abandoning module WmfMediaEditor (218)
[2017.07.08-04.15.24:190][ 65]LogModuleManager: Shutting down and abandoning module AvfMediaFactory (217)
[2017.07.08-04.15.24:190][ 65]LogModuleManager: Shutting down and abandoning module AvfMediaEditor (216)
[2017.07.08-04.15.24:190][ 65]LogModuleManager: Shutting down and abandoning module Media (215)
[2017.07.08-04.15.24:190][ 65]LogModuleManager: Shutting down and abandoning module AndroidMediaFactory (214)
[2017.07.08-04.15.24:190][ 65]LogModuleManager: Shutting down and abandoning module AndroidMediaEditor (213)
[2017.07.08-04.15.24:190][ 65]LogModuleManager: Shutting down and abandoning module CharacterAI (212)
[2017.07.08-04.15.24:190][ 65]LogModuleManager: Shutting down and abandoning module SequenceRecorder (211)
[2017.07.08-04.15.24:242][ 65]LogModuleManager: Shutting down and abandoning module AudioCapture (210)
[2017.07.08-04.15.24:242][ 65]LogModuleManager: Shutting down and abandoning module SmartSnapping (209)
[2017.07.08-04.15.24:242][ 65]LogModuleManager: Shutting down and abandoning module SessionServices (208)
[2017.07.08-04.15.24:242][ 65]LogModuleManager: Shutting down and abandoning module ViewportSnapping (207)
[2017.07.08-04.15.24:242][ 65]LogModuleManager: Shutting down and abandoning module ViewportInteraction (206)
[2017.07.08-04.15.24:242][ 65]LogModuleManager: Shutting down and abandoning module LogVisualizer (205)
[2017.07.08-04.15.24:293][ 65]LogModuleManager: Shutting down and abandoning module GameProjectGeneration (204)
[2017.07.08-04.15.24:324][ 65]LogModuleManager: Shutting down and abandoning module IntroTutorials (203)
[2017.07.08-04.15.24:328][ 65]LogModuleManager: Shutting down and abandoning module EditorLiveStreaming (202)
[2017.07.08-04.15.24:328][ 65]LogModuleManager: Shutting down and abandoning module IOSPlatformEditor (201)
[2017.07.08-04.15.24:349][ 65]LogModuleManager: Shutting down and abandoning module HTML5PlatformEditor (200)
[2017.07.08-04.15.24:349][ 65]LogModuleManager: Shutting down and abandoning module AndroidDeviceDetection (199)
[2017.07.08-04.15.25:250][ 65]LogModuleManager: Shutting down and abandoning module AndroidPlatformEditor (198)
[2017.07.08-04.15.25:261][ 65]LogModuleManager: Shutting down and abandoning module IOSRuntimeSettings (197)
[2017.07.08-04.15.25:261][ 65]LogModuleManager: Shutting down and abandoning module AndroidRuntimeSettings (196)
[2017.07.08-04.15.25:261][ 65]LogModuleManager: Shutting down and abandoning module InputBindingEditor (195)
[2017.07.08-04.15.25:283][ 65]LogModuleManager: Shutting down and abandoning module NiagaraEditor (194)
[2017.07.08-04.15.25:305][ 65]LogModuleManager: Shutting down and abandoning module MergeActors (193)
[2017.07.08-04.15.25:347][ 65]LogModuleManager: Shutting down and abandoning module SizeMap (192)
[2017.07.08-04.15.25:355][ 65]LogModuleManager: Shutting down and abandoning module TreeMap (191)
[2017.07.08-04.15.25:375][ 65]LogModuleManager: Shutting down and abandoning module ReferenceViewer (190)
[2017.07.08-04.15.25:375][ 65]LogModuleManager: Shutting down and abandoning module LocalizationService (189)
[2017.07.08-04.15.25:381][ 65]LogModuleManager: Shutting down and abandoning module LocalizationDashboard (188)
[2017.07.08-04.15.25:405][ 65]LogModuleManager: Shutting down and abandoning module HardwareTargeting (187)
[2017.07.08-04.15.25:427][ 65]LogModuleManager: Shutting down and abandoning module DeviceProfileEditor (186)
[2017.07.08-04.15.25:453][ 65]LogModuleManager: Shutting down and abandoning module UndoHistory (185)
[2017.07.08-04.15.25:464][ 65]LogModuleManager: Shutting down and abandoning module UserFeedback (184)
[2017.07.08-04.15.25:464][ 65]LogModuleManager: Shutting down and abandoning module XmlParser (183)
[2017.07.08-04.15.25:464][ 65]LogModuleManager: Shutting down and abandoning module Blutility (182)
[2017.07.08-04.15.25:486][ 65]LogModuleManager: Shutting down and abandoning module ProjectTargetPlatformEditor (181)
[2017.07.08-04.15.25:486][ 65]LogModuleManager: Shutting down and abandoning module ProjectSettingsViewer (180)
[2017.07.08-04.15.25:486][ 65]LogModuleManager: Shutting down and abandoning module EditorSettingsViewer (179)
[2017.07.08-04.15.25:486][ 65]LogModuleManager: Shutting down and abandoning module SettingsEditor (178)
[2017.07.08-04.15.25:522][ 65]LogModuleManager: Shutting down and abandoning module ProjectLauncher (177)
[2017.07.08-04.15.25:544][ 65]LogModuleManager: Shutting down and abandoning module SessionFrontend (176)
[2017.07.08-04.15.25:597][ 65]LogModuleManager: Shutting down and abandoning module ProfilerClient (175)
[2017.07.08-04.15.25:624][ 65]LogModuleManager: Shutting down and abandoning module TargetDeviceServices (174)
[2017.07.08-04.15.25:624][ 65]LogModuleManager: Shutting down and abandoning module DeviceManager (173)
[2017.07.08-04.15.25:704][ 65]LogModuleManager: Shutting down and abandoning module AutomationController (172)
[2017.07.08-04.15.25:724][ 65]LogModuleManager: Shutting down and abandoning module AutomationWindow (171)
[2017.07.08-04.15.25:805][ 65]LogModuleManager: Shutting down and abandoning module Layers (170)
[2017.07.08-04.15.25:841][ 65]LogModuleManager: Shutting down and abandoning module ComponentVisualizers (169)
[2017.07.08-04.15.25:841][ 65]LogModuleManager: Shutting down and abandoning module DetailCustomizations (168)
[2017.07.08-04.15.25:866][ 65]LogModuleManager: Shutting down and abandoning module PackagesDialog (167)
[2017.07.08-04.15.25:890][ 65]LogModuleManager: Shutting down and abandoning module AnimGraph (166)
[2017.07.08-04.15.25:890][ 65]LogModuleManager: Shutting down and abandoning module Persona (165)
[2017.07.08-04.15.25:941][ 65]LogModuleManager: Shutting down and abandoning module Kismet (164)
[2017.07.08-04.15.25:942][ 65]LogModuleManager: Shutting down and abandoning module GraphEditor (163)
[2017.07.08-04.15.26:039][ 65]LogModuleManager: Shutting down and abandoning module ClassViewer (162)
[2017.07.08-04.15.26:059][ 65]LogModuleManager: Shutting down and abandoning module Toolbox (161)
[2017.07.08-04.15.26:067][ 65]LogModuleManager: Shutting down and abandoning module ModuleUI (160)
[2017.07.08-04.15.26:092][ 65]LogModuleManager: Shutting down and abandoning module MovieSceneTools (159)
[2017.07.08-04.15.26:130][ 65]LogModuleManager: Shutting down and abandoning module OutputLog (158)
[2017.07.08-04.15.26:160][ 65]LogModuleManager: Shutting down and abandoning module GammaUI (157)
[2017.07.08-04.15.26:188][ 65]LogModuleManager: Shutting down and abandoning module Documentation (156)
[2017.07.08-04.15.26:188][ 65]LogModuleManager: Shutting down and abandoning module Niagara (155)
[2017.07.08-04.15.26:188][ 65]LogModuleManager: Shutting down and abandoning module StreamingPauseRendering (154)
[2017.07.08-04.15.26:188][ 65]LogModuleManager: Shutting down and abandoning module AnalyticsET (153)
[2017.07.08-04.15.26:188][ 65]LogModuleManager: Shutting down and abandoning module PortalServices (152)
[2017.07.08-04.15.26:188][ 65]LogModuleManager: Shutting down and abandoning module PortalRpc (151)
[2017.07.08-04.15.26:188][ 65]LogModuleManager: Shutting down and abandoning module MessagingRpc (150)
[2017.07.08-04.15.26:188][ 65]LogModuleManager: Shutting down and abandoning module GameplayDebugger (149)
[2017.07.08-04.15.26:199][ 65]LogModuleManager: Shutting down and abandoning module AITestSuite (148)
[2017.07.08-04.15.26:211][ 65]LogModuleManager: Shutting down and abandoning module AIModule (147)
[2017.07.08-04.15.26:211][ 65]LogModuleManager: Shutting down and abandoning module ProfilerService (146)
[2017.07.08-04.15.26:449][ 65]LogModuleManager: Shutting down and abandoning module TaskGraph (145)
[2017.07.08-04.15.26:449][ 65]LogModuleManager: Shutting down and abandoning module SlateRemote (144)
[2017.07.08-04.15.26:449][ 65]LogModuleManager: Shutting down and abandoning module SteamVRController (143)
[2017.07.08-04.15.26:449][ 65]LogModuleManager: Shutting down and abandoning module SteamVR (142)
[2017.07.08-04.15.26:449][ 65]LogModuleManager: Shutting down and abandoning module ProceduralMeshComponentEditor (141)
[2017.07.08-04.15.26:449][ 65]LogModuleManager: Shutting down and abandoning module ProceduralMeshComponent (140)
[2017.07.08-04.15.26:449][ 65]LogModuleManager: Shutting down and abandoning module OculusLibrary (139)
[2017.07.08-04.15.26:449][ 65]LogModuleManager: Shutting down and abandoning module OculusInput (138)
[2017.07.08-04.15.26:449][ 65]LogModuleManager: Shutting down and abandoning module MobilePatchingUtils (137)
[2017.07.08-04.15.26:449][ 65]LogModuleManager: Shutting down and abandoning module CustomMeshComponent (136)
[2017.07.08-04.15.26:449][ 65]LogModuleManager: Shutting down and abandoning module CableComponent (135)
[2017.07.08-04.15.26:449][ 65]LogModuleManager: Shutting down and abandoning module ArchVisCharacter (134)
[2017.07.08-04.15.26:449][ 65]LogModuleManager: Shutting down and abandoning module MediaPlayerEditor (132)
[2017.07.08-04.15.26:449][ 65]LogModuleManager: Shutting down and abandoning module HTML5Networking (131)
[2017.07.08-04.15.26:449][ 65]LogModuleManager: Shutting down and abandoning module GeometryCacheEd (130)
[2017.07.08-04.15.26:449][ 65]LogModuleManager: Shutting down and abandoning module GeometryCache (129)
[2017.07.08-04.15.26:449][ 65]LogModuleManager: Shutting down and abandoning module AlembicLibrary (128)
[2017.07.08-04.15.26:449][ 65]LogModuleManager: Shutting down and abandoning module AlembicImporter (127)
[2017.07.08-04.15.26:449][ 65]LogModuleManager: Shutting down and abandoning module SuperSearch (126)
[2017.07.08-04.15.26:449][ 65]LogModuleManager: Shutting down and abandoning module SuperSearchEditor (125)
[2017.07.08-04.15.26:449][ 65]LogModuleManager: Shutting down and abandoning module SpeedTreeImporter (124)
[2017.07.08-04.15.26:449][ 65]LogModuleManager: Shutting down and abandoning module PluginBrowser (123)
[2017.07.08-04.15.26:449][ 65]LogModuleManager: Shutting down and abandoning module MobileLauncherProfileWizard (122)
[2017.07.08-04.15.26:470][ 65]LogModuleManager: Shutting down and abandoning module EpicSurvey (121)
[2017.07.08-04.15.26:474][ 65]LogModuleManager: Shutting down and abandoning module DesktopPlatform (120)
[2017.07.08-04.15.26:474][ 65]LogModuleManager: Shutting down and abandoning module VisualStudioSourceCodeAccess (119)
[2017.07.08-04.15.26:474][ 65]LogModuleManager: Shutting down and abandoning module UObjectPlugin (118)
[2017.07.08-04.15.26:474][ 65]LogModuleManager: Shutting down and abandoning module SubversionSourceControl (117)
[2017.07.08-04.15.26:501][ 65]LogModuleManager: Shutting down and abandoning module PerforceSourceControl (116)
[2017.07.08-04.15.26:544][ 65]LogModuleManager: Shutting down and abandoning module SourceControl (115)
[2017.07.08-04.15.26:557][ 65]LogModuleManager: Shutting down and abandoning module GitSourceControl (114)
[2017.07.08-04.15.26:584][ 65]LogModuleManager: Shutting down and abandoning module LightPropagationVolumeEditor (113)
[2017.07.08-04.15.26:584][ 65]LogModuleManager: Shutting down and abandoning module PaperTiledImporter (112)
[2017.07.08-04.15.26:614][ 65]LogModuleManager: Shutting down and abandoning module PaperSpriteSheetImporter (111)
[2017.07.08-04.15.26:614][ 65]LogModuleManager: Shutting down and abandoning module MeshPaint (110)
[2017.07.08-04.15.26:614][ 65]LogModuleManager: Shutting down and abandoning module PixelInspectorModule (109)
[2017.07.08-04.15.26:635][ 65]LogModuleManager: Shutting down and abandoning module HotReload (108)
[2017.07.08-04.15.26:635][ 65]LogModuleManager: Shutting down and abandoning module MainFrame (107)
[2017.07.08-04.15.26:635][ 65]LogModuleManager: Shutting down and abandoning module LevelEditor (106)
[2017.07.08-04.15.26:646][ 65]LogModuleManager: Shutting down and abandoning module ContentBrowser (105)
[2017.07.08-04.15.26:647][ 65]LogModuleManager: Shutting down and abandoning module Paper2DEditor (104)
[2017.07.08-04.15.26:683][ 65]LogModuleManager: Shutting down and abandoning module UdpMessaging (103)
[2017.07.08-04.15.26:784][ 65]LogModuleManager: Shutting down and abandoning module TcpMessaging (102)
[2017.07.08-04.15.26:940][ 65]LogModuleManager: Shutting down and abandoning module LightPropagationVolumeRuntime (101)
[2017.07.08-04.15.26:940][ 65]LogModuleManager: Shutting down and abandoning module Paper2D (100)
[2017.07.08-04.15.27:012][ 65]LogModuleManager: Shutting down and abandoning module WindowsMoviePlayer (99)
[2017.07.08-04.15.27:012][ 65]LogModuleManager: Shutting down and abandoning module WmfMedia (98)
[2017.07.08-04.15.27:024][ 65]LogModuleManager: Shutting down and abandoning module MediaAssets (97)
[2017.07.08-04.15.27:024][ 65]LogModuleManager: Shutting down and abandoning module GameLiveStreaming (96)
[2017.07.08-04.15.27:024][ 65]LogModuleManager: Shutting down and abandoning module GameplayTagsEditor (95)
[2017.07.08-04.15.27:024][ 65]LogModuleManager: Shutting down and abandoning module VREditor (94)
[2017.07.08-04.15.27:024][ 65]LogModuleManager: Shutting down and abandoning module GameplayTasksEditor (93)
[2017.07.08-04.15.27:024][ 65]LogModuleManager: Shutting down and abandoning module BehaviorTreeEditor (92)
[2017.07.08-04.15.27:091][ 65]LogModuleManager: Shutting down and abandoning module FunctionalTesting (91)
[2017.07.08-04.15.27:096][ 65]LogModuleManager: Shutting down and abandoning module CollisionAnalyzer (90)
[2017.07.08-04.15.27:131][ 65]LogModuleManager: Shutting down and abandoning module Sequencer (89)
[2017.07.08-04.15.27:172][ 65]LogModuleManager: Shutting down and abandoning module WorkspaceMenuStructure (88)
[2017.07.08-04.15.27:172][ 65]LogModuleManager: Shutting down and abandoning module MessageLog (87)
[2017.07.08-04.15.27:172][ 65]LogModuleManager: Shutting down and abandoning module AssetTools (86)
[2017.07.08-04.15.27:242][ 65]LogModuleManager: Shutting down and abandoning module UMGEditor (85)
[2017.07.08-04.15.27:298][ 65]LogModuleManager: Shutting down and abandoning module UMG (84)
[2017.07.08-04.15.27:352][ 65]LogModuleManager: Shutting down and abandoning module SlateReflector (83)
[2017.07.08-04.15.27:394][ 65]LogModuleManager: Shutting down and abandoning module Slate (82)
[2017.07.08-04.15.27:394][ 65]LogModuleManager: Shutting down and abandoning module EditorStyle (81)
[2017.07.08-04.15.27:396][ 65]LogModuleManager: Shutting down and abandoning module SourceCodeAccess (80)
[2017.07.08-04.15.27:396][ 65]LogModuleManager: Shutting down and abandoning module HeadMountedDisplay (79)
[2017.07.08-04.15.27:396][ 65]LogModuleManager: Shutting down and abandoning module XAudio2 (78)
[2017.07.08-04.15.27:396][ 65]LogModuleManager: Shutting down and abandoning module Networking (76)
[2017.07.08-04.15.27:396][ 65]LogModuleManager: Shutting down and abandoning module Core (75)
[2017.07.08-04.15.27:396][ 65]LogModuleManager: Shutting down and abandoning module DirectoryWatcher (74)
[2017.07.08-04.15.27:396][ 65]LogDirectoryWatcher: A directory notification for '../../../Engine/Content/' was aborted.
[2017.07.08-04.15.27:396][ 65]LogDirectoryWatcher: A directory notification for '../../../../../../Users/stewv/OneDrive/Documents/Unreal Projects/IdTechCastle/Content/' was aborted.
[2017.07.08-04.15.27:396][ 65]LogDirectoryWatcher: A directory notification for '../../../Engine/Plugins/2D/Paper2D/Content/' was aborted.
[2017.07.08-04.15.27:396][ 65]LogModuleManager: Shutting down and abandoning module AssetRegistry (73)
[2017.07.08-04.15.27:589][ 65]LogModuleManager: Shutting down and abandoning module KismetCompiler (72)
[2017.07.08-04.15.27:589][ 65]LogModuleManager: Shutting down and abandoning module PhysXFormats (71)
[2017.07.08-04.15.27:589][ 65]LogModuleManager: Shutting down and abandoning module SimplygonSwarm (70)
[2017.07.08-04.15.27:618][ 65]LogModuleManager: Shutting down and abandoning module SimplygonMeshReduction (69)
[2017.07.08-04.15.27:630][ 65]LogModuleManager: Shutting down and abandoning module QuadricMeshReduction (68)
[2017.07.08-04.15.27:630][ 65]LogModuleManager: Shutting down and abandoning module PropertyEditor (67)
[2017.07.08-04.15.27:630][ 65]LogModuleManager: Shutting down and abandoning module MeshUtilities (66)
[2017.07.08-04.15.27:646][ 65]LogModuleManager: Shutting down and abandoning module DerivedDataCache (65)
[2017.07.08-04.15.27:670][ 65]LogDerivedDataCache: Shutdown
[2017.07.08-04.15.27:670][ 65]LogModuleManager: Shutting down and abandoning module VulkanShaderFormat (64)
[2017.07.08-04.15.27:682][ 65]LogModuleManager: Shutting down and abandoning module ShaderFormatOpenGL (63)
[2017.07.08-04.15.27:692][ 65]LogModuleManager: Shutting down and abandoning module ShaderFormatD3D (62)
[2017.07.08-04.15.27:692][ 65]LogModuleManager: Shutting down and abandoning module MetalShaderFormat (61)
[2017.07.08-04.15.27:717][ 65]LogModuleManager: Shutting down and abandoning module TextureFormatUncompressed (60)
[2017.07.08-04.15.27:717][ 65]LogModuleManager: Shutting down and abandoning module TextureFormatPVR (59)
[2017.07.08-04.15.27:717][ 65]LogModuleManager: Shutting down and abandoning module TextureFormatDXT (58)
[2017.07.08-04.15.27:717][ 65]LogModuleManager: Shutting down and abandoning module TextureFormatIntelISPCTexComp (57)
[2017.07.08-04.15.27:764][ 65]LogModuleManager: Shutting down and abandoning module ImageWrapper (56)
[2017.07.08-04.15.27:764][ 65]LogModuleManager: Shutting down and abandoning module TextureFormatASTC (55)
[2017.07.08-04.15.27:764][ 65]LogModuleManager: Shutting down and abandoning module TextureFormatAndroid (54)
[2017.07.08-04.15.27:764][ 65]LogModuleManager: Shutting down and abandoning module AudioFormatOpus (53)
[2017.07.08-04.15.27:786][ 65]LogModuleManager: Shutting down and abandoning module AudioFormatOgg (52)
[2017.07.08-04.15.27:786][ 65]LogModuleManager: Shutting down and abandoning module AudioFormatADPCM (51)
[2017.07.08-04.15.27:786][ 65]LogModuleManager: Shutting down and abandoning module LinuxTargetPlatform (50)
[2017.07.08-04.15.27:786][ 65]LogModuleManager: Shutting down and abandoning module LinuxServerTargetPlatform (49)
[2017.07.08-04.15.27:786][ 65]LogModuleManager: Shutting down and abandoning module LinuxNoEditorTargetPlatform (48)
[2017.07.08-04.15.27:786][ 65]LogModuleManager: Shutting down and abandoning module LinuxClientTargetPlatform (47)
[2017.07.08-04.15.27:786][ 65]LogModuleManager: Shutting down and abandoning module TVOSTargetPlatform (46)
[2017.07.08-04.15.27:786][ 65]LogModuleManager: Shutting down and abandoning module Messaging (45)
[2017.07.08-04.15.27:786][ 65]LogModuleManager: Shutting down and abandoning module IOSTargetPlatform (44)
[2017.07.08-04.15.27:786][ 65]LogModuleManager: Shutting down and abandoning module HTML5TargetPlatform (43)
[2017.07.08-04.15.27:786][ 65]LogModuleManager: Shutting down and abandoning module Android_PVRTCTargetPlatform (42)
[2017.07.08-04.15.27:786][ 65]LogModuleManager: Shutting down and abandoning module Android_MultiTargetPlatform (41)
[2017.07.08-04.15.27:786][ 65]LogModuleManager: Shutting down and abandoning module Android_ETC2TargetPlatform (40)
[2017.07.08-04.15.27:786][ 65]LogModuleManager: Shutting down and abandoning module Android_ETC1TargetPlatform (39)
[2017.07.08-04.15.27:786][ 65]LogModuleManager: Shutting down and abandoning module Android_DXTTargetPlatform (38)
[2017.07.08-04.15.27:786][ 65]LogModuleManager: Shutting down and abandoning module Android_ATCTargetPlatform (37)
[2017.07.08-04.15.27:786][ 65]LogModuleManager: Shutting down and abandoning module Android_ASTCTargetPlatform (36)
[2017.07.08-04.15.27:786][ 65]LogModuleManager: Shutting down and abandoning module AndroidTargetPlatform (35)
[2017.07.08-04.15.27:786][ 65]LogModuleManager: Shutting down and abandoning module WindowsTargetPlatform (34)
[2017.07.08-04.15.27:786][ 65]LogModuleManager: Shutting down and abandoning module WindowsServerTargetPlatform (33)
[2017.07.08-04.15.27:786][ 65]LogModuleManager: Shutting down and abandoning module WindowsNoEditorTargetPlatform (32)
[2017.07.08-04.15.27:786][ 65]LogModuleManager: Shutting down and abandoning module WindowsClientTargetPlatform (31)
[2017.07.08-04.15.27:786][ 65]LogModuleManager: Shutting down and abandoning module MacTargetPlatform (30)
[2017.07.08-04.15.27:786][ 65]LogModuleManager: Shutting down and abandoning module MacServerTargetPlatform (29)
[2017.07.08-04.15.27:786][ 65]LogModuleManager: Shutting down and abandoning module MacNoEditorTargetPlatform (28)
[2017.07.08-04.15.27:786][ 65]LogModuleManager: Shutting down and abandoning module MacClientTargetPlatform (27)
[2017.07.08-04.15.27:786][ 65]LogModuleManager: Shutting down and abandoning module AllDesktopTargetPlatform (26)
[2017.07.08-04.15.27:786][ 65]LogModuleManager: Shutting down and abandoning module TargetPlatform (25)
[2017.07.08-04.15.27:786][ 65]LogModuleManager: Shutting down and abandoning module InputCore (24)
[2017.07.08-04.15.27:786][ 65]LogModuleManager: Shutting down and abandoning module Settings (23)
[2017.07.08-04.15.27:786][ 65]LogModuleManager: Shutting down and abandoning module OculusRift (22)
[2017.07.08-04.15.27:787][ 65]LogHMD: Oculus shutdown.
[2017.07.08-04.15.27:787][ 65]LogModuleManager: Shutting down and abandoning module ExampleDeviceProfileSelector (21)
[2017.07.08-04.15.27:787][ 65]LogModuleManager: Shutting down and abandoning module OnlineBlueprintSupport (20)
[2017.07.08-04.15.27:787][ 65]LogModuleManager: Shutting down and abandoning module OnlineSubsystem (18)
[2017.07.08-04.15.27:787][ 65]LogOnline:Display: Unloading online subsystem: NULL
[2017.07.08-04.15.27:828][ 65]LogModuleManager: Shutting down and abandoning module SSL (17)
[2017.07.08-04.15.27:836][ 65]LogModuleManager: Shutting down and abandoning module HTTP (16)
[2017.07.08-04.15.27:836][ 65]LogModuleManager: Shutting down and abandoning module XMPP (15)
[2017.07.08-04.15.27:868][ 65]LogModuleManager: Shutting down and abandoning module TextureCompressor (14)
[2017.07.08-04.15.27:868][ 65]LogModuleManager: Shutting down and abandoning module ShaderCore (13)
[2017.07.08-04.15.27:868][ 65]LogModuleManager: Shutting down and abandoning module Landscape (12)
[2017.07.08-04.15.27:868][ 65]LogModuleManager: Shutting down and abandoning module SlateRHIRenderer (11)
[2017.07.08-04.15.27:912][ 65]LogModuleManager: Shutting down and abandoning module OpenGLDrv (10)
[2017.07.08-04.15.27:923][ 65]LogModuleManager: Shutting down and abandoning module D3D11RHI (9)
[2017.07.08-04.15.27:923][ 65]LogModuleManager: Shutting down and abandoning module AnimGraphRuntime (8)
[2017.07.08-04.15.27:923][ 65]LogModuleManager: Shutting down and abandoning module Renderer (7)
[2017.07.08-04.15.27:935][ 65]LogModuleManager: Shutting down and abandoning module Engine (6)
[2017.07.08-04.15.27:935][ 65]LogModuleManager: Shutting down and abandoning module CoreUObject (5)
[2017.07.08-04.15.27:935][ 65]LogModuleManager: Shutting down and abandoning module NetworkFile (4)
[2017.07.08-04.15.27:954][ 65]LogModuleManager: Shutting down and abandoning module StreamingFile (3)
[2017.07.08-04.15.27:954][ 65]LogModuleManager: Shutting down and abandoning module SandboxFile (2)
[2017.07.08-04.15.27:954][ 65]LogModuleManager: Shutting down and abandoning module PakFile (1)
[2017.07.08-04.15.27:996][ 65]LogExit: Exiting.
[2017.07.08-04.15.28:018][ 65]Log file closed, 07/08/17 00:15:28
